<!DOCTYPE html>
<html>
<head>

<meta http-equiv="Content-Type" content="text/html; charset=UTF-8" />

<script src="js/jquery.min.js"></script>
<script src="js/jquery.tablesorter.min.js"></script>
<script src="js/Chart.min.js"></script>
<script src="js/moment.min.js"></script>
<script src="js/bootstrap.min.js"></script>

<link rel="stylesheet" href="css/bootstrap.min.css" type="text/css"/>
<link rel="stylesheet" href="css/cucumber.css" type="text/css"/>
<link rel="stylesheet" href="css/font-awesome.min.css"/>
<link rel="shortcut icon" href="images/favicon.png"/>

<script>
$(document).ready(function() {
    // this will tell tablesorter to try looking for the data-value attribute
    // if present, it'll sort by that instead
    // otherwise, it'll sort by the text content of the table cell
    $("#tablesorter").tablesorter({
        textAttribute: 'data-value',
        // ignores the first row of the header, the 'scenario', 'steps', since
        // sorting those doesn't make sense
        selectorHeaders: '> thead tr:not(.dont-sort) th',
        // use a stable sort
        sortStable: true
    });
});
</script>











<title>Cucumber Reports  - Feature: General document generation</title>

</head>
<body>

<nav class="navbar navbar-default navbar-fixed-top" id="navigation">
  <div class="container-fluid">
    <div class="collapse navbar-collapse">
      <p class="navbar-text navbar-left">Cucumber Report</p>
      <ul class="nav navbar-nav navbar-right">
        <li role="presentation" ><a href="overview-features.html">Features</a></li>
        <li role="presentation" ><a href="overview-tags.html">Tags</a></li>
        <li role="presentation" ><a href="overview-steps.html">Steps</a></li>
        <li role="presentation" ><a href="overview-failures.html">Failures</a></li>
      </ul>
    </div>
  </div>
</nav>


<div class="container-fluid">
  <div class="col-md-5 col-md-offset-1">

<table class="table table-bordered" id="build-info">
  <thead>
    <tr>
      <th>Project</th>
      <th>Date</th>
    </tr>
  </thead>
  <tbody>
    <tr class="info">
      <td>No Name (add projectName to cucumber-reporting.properties)</td>
      <td>03 Mar 2020, 09:45</td>
    </tr>
  </tbody>
</table>

  </div>
  <div class="col-md-3 col-md-offset-2">
  </div>
</div>


<div id="report-lead" class="container-fluid">
  <div class="col-md-10 col-md-offset-1">
    <h2>Feature Report</h2>
  </div>
</div>


<div class="container-fluid" id="report">
  <div class="row">
    <div class="col-md-10 col-md-offset-1">
      <table class="stats-table">


<thead>
  <tr class="header dont-sort">
      <th></th>
    <th colspan="6">Steps</th>
    <th colspan="3">Scenarios</th>
    <th colspan="2">Features</th>
  </tr>
  <tr>
    <th>Feature</th>
    <th class="passed">Passed</th>
    <th class="failed">Failed</th>
    <th class="skipped">Skipped</th>
    <th class="pending">Pending</th>
    <th class="undefined">Undefined</th>
    <th class="total">Total</th>

    <th class="passed">Passed</th>
    <th class="failed">Failed</th>
    <th class="total">Total</th>

    <th>Duration</th>
    <th>Status</th>
  </tr>
</thead>


        <tbody>
        <tr>
          <td class="tagname">General document generation</td>
          <td      class="passed"    >43</td>
          <td      class="failed"    >6</td>
          <td     class="skipped"   >20</td>
          <td >0</td>
          <td   class="undefined" >9</td>
          <td class="total">78</td>

          <td  class="passed"    >2</td>
          <td  class="failed"    >14</td>
          <td class="total">16</td>

          <td class="duration" data-value="16519936500">16.519</td>
          <td class="failed">Failed</td>
        </tr>
        </tbody>

      </table>
    </div>
  </div>
</div>



<div class="container-fluid">
  <div class="row">
    <div class="col-md-1 col-md-offset-10">
      <i class="fa fa-chevron-circle-down fa-2x collapsable-control"
        onClick="javascript:$('#report .collapsable-details').collapse('show')"></i>
      <i class="fa fa-chevron-circle-up fa-2x collapsable-control"
        onClick="javascript:$('#report .collapsable-details').collapse('hide')"></i>
    </div>
  </div>
</div>


<div class="container-fluid" id="report">
  <div class="row">
    <div class="col-md-10 col-md-offset-1">
      <div class="feature">

<div class="tags indention">
</div>


<div class="brief failed">
  <span class="keyword indention">Feature</span>
  <span class="name">General document generation</span>


</div>

        <div class="description indention"></div>

        <div class="elements inner-level">

<div class="element">


<div class="tags indention">
</div>


  <span class="lead-duration duration">4.751</span>


  <span data-toggle="collapse" class=" collapsed  collapsable-control" data-target="#element-1">

<div class="brief passed">
  <span class="keyword indention">Scenario</span>
  <span class="name">Loading a simple template</span>


     <i class="chevron fa fa-fw"></i>
</div>

  </span>
  <div class="description indention"></div>

  <div id="element-1" class="collapse collapsable-details ">


  <div class="inner-level hooks-element-before">
    <div data-toggle="collapse" class=" collapsed  collapsable-control" data-target="#before-2">

<div class="brief passed">
  <span class="keyword indention">Hooks</span>
  <span class="name"></span>


     <i class="chevron fa fa-fw"></i>
</div>

    </div>

    <div id="before-2" class="inner-level collapse collapsable-details ">
        <div class="hook">
          <div class="brief passed">
            <span class="keyword indention">Before</span>
              <span class="location name">be.artisjaap.document.cucumber.CucumberHooks.clear()</span>

  <span class="lead-duration duration">0.168</span>

          </div>







        </div>
    </div>
  </div>



<div class="steps inner-level">
  <div data-toggle="collapse" class=" collapsed  collapsable-control" data-target="#steps-3">

<div class="brief passed">
  <span class="keyword indention">Steps</span>
  <span class="name"></span>


     <i class="chevron fa fa-fw"></i>
</div>

  </div>

  <div id="steps-3" class="inner-level collapse collapsable-details ">
      <div class="step">


<div class="brief step-name-Given passed">
  <span class="keyword indention">Given</span>
  <span class="name">a template <span class="argument">MANDAAT_HEADER_FOOTER_NL.DOCX</span> is uploaded with code <span class="argument">MANDAAT_HEADER_FOOTER</span> in language <span class="argument">nld</span></span>

  <span class="lead-duration duration">4.471</span>

</div>
















      </div>
      <div class="step">


<div class="brief step-name-Then passed">
  <span class="keyword indention">Then</span>
  <span class="name">the template with code <span class="argument">MANDAAT_HEADER_FOOTER</span> is available</span>

  <span class="lead-duration duration">0.280</span>

</div>
















      </div>
  </div>
</div>





  </div>
</div>


<div class="element">


<div class="tags indention">
</div>


  <span class="lead-duration duration">0.692</span>


  <span data-toggle="collapse" class=" collapsed  collapsable-control" data-target="#element-4">

<div class="brief passed">
  <span class="keyword indention">Scenario</span>
  <span class="name">Activating a template</span>


     <i class="chevron fa fa-fw"></i>
</div>

  </span>
  <div class="description indention"></div>

  <div id="element-4" class="collapse collapsable-details ">


  <div class="inner-level hooks-element-before">
    <div data-toggle="collapse" class=" collapsed  collapsable-control" data-target="#before-5">

<div class="brief passed">
  <span class="keyword indention">Hooks</span>
  <span class="name"></span>


     <i class="chevron fa fa-fw"></i>
</div>

    </div>

    <div id="before-5" class="inner-level collapse collapsable-details ">
        <div class="hook">
          <div class="brief passed">
            <span class="keyword indention">Before</span>
              <span class="location name">be.artisjaap.document.cucumber.CucumberHooks.clear()</span>

  <span class="lead-duration duration">0.018</span>

          </div>







        </div>
    </div>
  </div>



<div class="steps inner-level">
  <div data-toggle="collapse" class=" collapsed  collapsable-control" data-target="#steps-6">

<div class="brief passed">
  <span class="keyword indention">Steps</span>
  <span class="name"></span>


     <i class="chevron fa fa-fw"></i>
</div>

  </div>

  <div id="steps-6" class="inner-level collapse collapsable-details ">
      <div class="step">


<div class="brief step-name-Given passed">
  <span class="keyword indention">Given</span>
  <span class="name">a template <span class="argument">MANDAAT_HEADER_FOOTER_NL.DOCX</span> is uploaded with code <span class="argument">MANDAAT_HEADER_FOOTER</span> in language <span class="argument">nld</span></span>

  <span class="lead-duration duration">0.382</span>

</div>
















      </div>
      <div class="step">


<div class="brief step-name-When passed">
  <span class="keyword indention">When</span>
  <span class="name">template with code <span class="argument">MANDAAT_HEADER_FOOTER</span> is activated in language <span class="argument">nld</span></span>

  <span class="lead-duration duration">0.270</span>

</div>
















      </div>
      <div class="step">


<div class="brief step-name-Then passed">
  <span class="keyword indention">Then</span>
  <span class="name">template with code <span class="argument">MANDAAT_HEADER_FOOTER</span> is active</span>

  <span class="lead-duration duration">0.038</span>

</div>
















      </div>
  </div>
</div>





  </div>
</div>


<div class="element">


<div class="tags indention">
</div>


  <span class="lead-duration duration">0.971</span>


  <span data-toggle="collapse" class=" collapsable-control" data-target="#element-7">

<div class="brief failed">
  <span class="keyword indention">Scenario</span>
  <span class="name">Stamping two templates on top of each other</span>


     <i class="chevron fa fa-fw"></i>
</div>

  </span>
  <div class="description indention"></div>

  <div id="element-7" class="collapse collapsable-details  in ">


  <div class="inner-level hooks-element-before">
    <div data-toggle="collapse" class=" collapsed  collapsable-control" data-target="#before-8">

<div class="brief passed">
  <span class="keyword indention">Hooks</span>
  <span class="name"></span>


     <i class="chevron fa fa-fw"></i>
</div>

    </div>

    <div id="before-8" class="inner-level collapse collapsable-details ">
        <div class="hook">
          <div class="brief passed">
            <span class="keyword indention">Before</span>
              <span class="location name">be.artisjaap.document.cucumber.CucumberHooks.clear()</span>

  <span class="lead-duration duration">0.133</span>

          </div>







        </div>
    </div>
  </div>



<div class="steps inner-level">
  <div data-toggle="collapse" class=" collapsable-control" data-target="#steps-9">

<div class="brief failed">
  <span class="keyword indention">Steps</span>
  <span class="name"></span>


     <i class="chevron fa fa-fw"></i>
</div>

  </div>

  <div id="steps-9" class="inner-level collapse collapsable-details  in ">
      <div class="step">


<div class="brief step-name-Given passed">
  <span class="keyword indention">Given</span>
  <span class="name">an active template <span class="argument">MANDAAT_HEADER_FOOTER_NL.DOCX</span> with code <span class="argument">MANDAAT_HEADER_FOOTER</span> in language <span class="argument">nld</span></span>

  <span class="lead-duration duration">0.616</span>

</div>
















      </div>
      <div class="step">


<div class="brief step-name-And passed">
  <span class="keyword indention">And</span>
  <span class="name">an active template <span class="argument">TEMPLATE_MANDAAT_BRIEF_NA_TELEFONISCH_CONTACT_NL.DOCX</span> with code <span class="argument">MANDAAT_BRIEF_NA_TELEFONISCH_CONTACT</span> in language <span class="argument">nld</span></span>

  <span class="lead-duration duration">0.355</span>

</div>
















      </div>
      <div class="step">


<div class="brief step-name-When undefined">
  <span class="keyword indention">When</span>
  <span class="name">a combined template with code MANDAAT_MET_HEADER_FOOTER in language nld consists of templates MANDAAT_HEADER_FOOTER, MANDAAT_BRIEF_NA_TELEFONISCH_CONTACT</span>

  <span class="lead-duration duration">0.000</span>

</div>
















      </div>
      <div class="step">


<div class="brief step-name-Then skipped">
  <span class="keyword indention">Then</span>
  <span class="name">the combined template with code <span class="argument">MANDAAT_MET_HEADER_FOOTER</span> is available</span>

  <span class="lead-duration duration">0.000</span>

</div>
















      </div>
      <div class="step">


<div class="brief step-name-When skipped">
  <span class="keyword indention">When</span>
  <span class="name">the combined template with code <span class="argument">MANDAAT_MET_HEADER_FOOTER</span> is activated in language <span class="argument">nld</span></span>

  <span class="lead-duration duration">0.000</span>

</div>
















      </div>
      <div class="step">


<div class="brief step-name-Then skipped">
  <span class="keyword indention">Then</span>
  <span class="name">the combined template with code <span class="argument">MANDAAT_MET_HEADER_FOOTER</span> is active</span>

  <span class="lead-duration duration">0.000</span>

</div>
















      </div>
  </div>
</div>





  </div>
</div>


<div class="element">


<div class="tags indention">
</div>


  <span class="lead-duration duration">5.054</span>


  <span data-toggle="collapse" class=" collapsable-control" data-target="#element-10">

<div class="brief failed">
  <span class="keyword indention">Scenario</span>
  <span class="name">A template can be used to generate a document</span>


     <i class="chevron fa fa-fw"></i>
</div>

  </span>
  <div class="description indention"></div>

  <div id="element-10" class="collapse collapsable-details  in ">


  <div class="inner-level hooks-element-before">
    <div data-toggle="collapse" class=" collapsed  collapsable-control" data-target="#before-11">

<div class="brief passed">
  <span class="keyword indention">Hooks</span>
  <span class="name"></span>


     <i class="chevron fa fa-fw"></i>
</div>

    </div>

    <div id="before-11" class="inner-level collapse collapsable-details ">
        <div class="hook">
          <div class="brief passed">
            <span class="keyword indention">Before</span>
              <span class="location name">be.artisjaap.document.cucumber.CucumberHooks.clear()</span>

  <span class="lead-duration duration">0.021</span>

          </div>







        </div>
    </div>
  </div>



<div class="steps inner-level">
  <div data-toggle="collapse" class=" collapsable-control" data-target="#steps-12">

<div class="brief failed">
  <span class="keyword indention">Steps</span>
  <span class="name"></span>


     <i class="chevron fa fa-fw"></i>
</div>

  </div>

  <div id="steps-12" class="inner-level collapse collapsable-details  in ">
      <div class="step">


<div class="brief step-name-Given passed">
  <span class="keyword indention">Given</span>
  <span class="name">an active template <span class="argument">MANDAAT_HEADER_FOOTER_NL.DOCX</span> with code <span class="argument">MANDAAT_HEADER_FOOTER</span> in language <span class="argument">nld</span></span>

  <span class="lead-duration duration">1.137</span>

</div>
















      </div>
      <div class="step">


<div class="brief step-name-And passed">
  <span class="keyword indention">And</span>
  <span class="name">a document <span class="argument">MANDAAT_BRIEF</span> in language <span class="argument">nld</span> exists of templates <span class="argument">MANDAAT_HEADER_FOOTER</span></span>

  <span class="lead-duration duration">1.492</span>

</div>
















      </div>
      <div class="step">


<div class="brief step-name-And passed">
  <span class="keyword indention">And</span>
  <span class="name">the document with code <span class="argument">MANDAAT_BRIEF</span> has been set active in language <span class="argument">nld</span></span>

  <span class="lead-duration duration">0.023</span>

</div>
















      </div>
      <div class="step">


<div class="brief step-name-Then failed">
  <span class="keyword indention">Then</span>
  <span class="name">the document with code <span class="argument">MANDAAT_BRIEF</span> in language <span class="argument">nld</span> can be generated using a default dataset</span>

  <span class="lead-duration duration">2.400</span>

</div>






  <div class="inner-level">
    <div class="message indention">
      <div data-toggle="collapse" class=" collapsable-control" data-target="#msg-13">
          <a>java.lang.IllegalStateException:</a>
      </div>
      <div id="msg-13" class="collapse collapsable-details  in ">
        <pre>java.lang.IllegalStateException: java.lang.AbstractMethodError: Missing implementation of resolved method abstract init(Lorg/apache/velocity/util/ExtProperties;)V of abstract class org.apache.velocity.runtime.resource.loader.ResourceLoader.
	at be.artisjaap.document.utils.XdocUtils.maakDocument(XdocUtils.java:52)
	at be.artisjaap.document.action.GenerateSimpleTemplate.maakTemplateTO(GenerateSimpleTemplate.java:31)
	at be.artisjaap.document.action.GenerateSimpleTemplate.voor(GenerateSimpleTemplate.java:26)
	at be.artisjaap.document.action.GenerateCombinedTemplate.generate(GenerateCombinedTemplate.java:39)
	at be.artisjaap.document.action.GenerateDocument.lambda$forDocument$1(GenerateDocument.java:50)
	at java.base/java.util.stream.ReferencePipeline$3$1.accept(ReferencePipeline.java:195)
	at java.base/java.util.ArrayList$ArrayListSpliterator.forEachRemaining(ArrayList.java:1654)
	at java.base/java.util.stream.AbstractPipeline.copyInto(AbstractPipeline.java:484)
	at java.base/java.util.stream.AbstractPipeline.wrapAndCopyInto(AbstractPipeline.java:474)
	at java.base/java.util.stream.ReduceOps$ReduceOp.evaluateSequential(ReduceOps.java:913)
	at java.base/java.util.stream.AbstractPipeline.evaluate(AbstractPipeline.java:234)
	at java.base/java.util.stream.ReferencePipeline.collect(ReferencePipeline.java:578)
	at be.artisjaap.document.action.GenerateDocument.forDocument(GenerateDocument.java:50)
	at be.artisjaap.document.cucumber.DocumentbeheerThenStepsDefinition.kanDeBriefMetCodeMANDAAT_BRIEFGegenereerdWordenMetEenDefaultSetVanDatasets(DocumentbeheerThenStepsDefinition.java:96)
	at &#10045;.the document with code MANDAAT_BRIEF in language nld can be generated using a default dataset(classpath:scenarios/documentbeheer.feature:23)
Caused by: fr.opensagres.xdocreport.core.XDocReportException: java.lang.AbstractMethodError: Missing implementation of resolved method abstract init(Lorg/apache/velocity/util/ExtProperties;)V of abstract class org.apache.velocity.runtime.resource.loader.ResourceLoader.
	at fr.opensagres.xdocreport.template.AbstractTemplateEngine.process(AbstractTemplateEngine.java:152)
	at fr.opensagres.xdocreport.template.AbstractTemplateEngine.process(AbstractTemplateEngine.java:83)
	at fr.opensagres.xdocreport.document.AbstractXDocReport.processTemplateEngine(AbstractXDocReport.java:772)
	at fr.opensagres.xdocreport.document.AbstractXDocReport.convert(AbstractXDocReport.java:700)
	at be.artisjaap.document.utils.XdocUtils.maakDocument(XdocUtils.java:41)
	at be.artisjaap.document.action.GenerateSimpleTemplate.maakTemplateTO(GenerateSimpleTemplate.java:31)
	at be.artisjaap.document.action.GenerateSimpleTemplate.voor(GenerateSimpleTemplate.java:26)
	at be.artisjaap.document.action.GenerateCombinedTemplate.generate(GenerateCombinedTemplate.java:39)
	at be.artisjaap.document.action.GenerateDocument.lambda$forDocument$1(GenerateDocument.java:50)
	at java.base/java.util.stream.ReferencePipeline$3$1.accept(ReferencePipeline.java:195)
	at java.base/java.util.ArrayList$ArrayListSpliterator.forEachRemaining(ArrayList.java:1654)
	at java.base/java.util.stream.AbstractPipeline.copyInto(AbstractPipeline.java:484)
	at java.base/java.util.stream.AbstractPipeline.wrapAndCopyInto(AbstractPipeline.java:474)
	at java.base/java.util.stream.ReduceOps$ReduceOp.evaluateSequential(ReduceOps.java:913)
	at java.base/java.util.stream.AbstractPipeline.evaluate(AbstractPipeline.java:234)
	at java.base/java.util.stream.ReferencePipeline.collect(ReferencePipeline.java:578)
	at be.artisjaap.document.action.GenerateDocument.forDocument(GenerateDocument.java:50)
	at be.artisjaap.document.cucumber.DocumentbeheerThenStepsDefinition.kanDeBriefMetCodeMANDAAT_BRIEFGegenereerdWordenMetEenDefaultSetVanDatasets(DocumentbeheerThenStepsDefinition.java:96)
	at java.base/jdk.internal.reflect.NativeMethodAccessorImpl.invoke0(Native Method)
	at java.base/jdk.internal.reflect.NativeMethodAccessorImpl.invoke(NativeMethodAccessorImpl.java:62)
	at java.base/jdk.internal.reflect.DelegatingMethodAccessorImpl.invoke(DelegatingMethodAccessorImpl.java:43)
	at java.base/java.lang.reflect.Method.invoke(Method.java:567)
	at io.cucumber.java.Invoker.invoke(Invoker.java:27)
	at io.cucumber.java.JavaStepDefinition.execute(JavaStepDefinition.java:27)
	at io.cucumber.core.runner.PickleStepDefinitionMatch.runStep(PickleStepDefinitionMatch.java:63)
	at io.cucumber.core.runner.TestStep.executeStep(TestStep.java:64)
	at io.cucumber.core.runner.TestStep.run(TestStep.java:49)
	at io.cucumber.core.runner.PickleStepTestStep.run(PickleStepTestStep.java:46)
	at io.cucumber.core.runner.TestCase.run(TestCase.java:51)
	at io.cucumber.core.runner.Runner.runPickle(Runner.java:66)
	at io.cucumber.junit.PickleRunners$NoStepDescriptions.run(PickleRunners.java:149)
	at io.cucumber.junit.FeatureRunner.runChild(FeatureRunner.java:83)
	at io.cucumber.junit.FeatureRunner.runChild(FeatureRunner.java:24)
	at org.junit.runners.ParentRunner$3.run(ParentRunner.java:290)
	at org.junit.runners.ParentRunner$1.schedule(ParentRunner.java:71)
	at org.junit.runners.ParentRunner.runChildren(ParentRunner.java:288)
	at org.junit.runners.ParentRunner.access$000(ParentRunner.java:58)
	at org.junit.runners.ParentRunner$2.evaluate(ParentRunner.java:268)
	at org.junit.runners.ParentRunner.run(ParentRunner.java:363)
	at io.cucumber.junit.Cucumber.runChild(Cucumber.java:185)
	at io.cucumber.junit.Cucumber.runChild(Cucumber.java:83)
	at org.junit.runners.ParentRunner$3.run(ParentRunner.java:290)
	at org.junit.runners.ParentRunner$1.schedule(ParentRunner.java:71)
	at org.junit.runners.ParentRunner.runChildren(ParentRunner.java:288)
	at org.junit.runners.ParentRunner.access$000(ParentRunner.java:58)
	at org.junit.runners.ParentRunner$2.evaluate(ParentRunner.java:268)
	at io.cucumber.junit.Cucumber$RunCucumber.evaluate(Cucumber.java:219)
	at org.junit.runners.ParentRunner.run(ParentRunner.java:363)
	at org.junit.runner.JUnitCore.run(JUnitCore.java:137)
	at com.intellij.junit4.JUnit4IdeaTestRunner.startRunnerWithArgs(JUnit4IdeaTestRunner.java:68)
	at com.intellij.rt.junit.IdeaTestRunner$Repeater.startRunnerWithArgs(IdeaTestRunner.java:33)
	at com.intellij.rt.junit.JUnitStarter.prepareStreamsAndStart(JUnitStarter.java:230)
	at com.intellij.rt.junit.JUnitStarter.main(JUnitStarter.java:58)
Caused by: java.lang.AbstractMethodError: Missing implementation of resolved method abstract init(Lorg/apache/velocity/util/ExtProperties;)V of abstract class org.apache.velocity.runtime.resource.loader.ResourceLoader.
	at org.apache.velocity.runtime.resource.ResourceManagerImpl.initialize(ResourceManagerImpl.java:139)
	at org.apache.velocity.runtime.RuntimeInstance.initializeResourceManager(RuntimeInstance.java:784)
	at org.apache.velocity.runtime.RuntimeInstance.init(RuntimeInstance.java:261)
	at org.apache.velocity.runtime.RuntimeInstance.init(RuntimeInstance.java:706)
	at org.apache.velocity.app.VelocityEngine.init(VelocityEngine.java:123)
	at fr.opensagres.xdocreport.template.velocity.internal.VelocityTemplateEngine.initializeVelocityEngine(VelocityTemplateEngine.java:131)
	at fr.opensagres.xdocreport.template.velocity.internal.VelocityTemplateEngine.getVelocityEngine(VelocityTemplateEngine.java:118)
	at fr.opensagres.xdocreport.template.velocity.internal.VelocityTemplateEngine.processNoCache(VelocityTemplateEngine.java:108)
	at fr.opensagres.xdocreport.template.AbstractTemplateEngine.process(AbstractTemplateEngine.java:118)
	... 52 more
</pre>
      </div>
    </div>
  </div>











      </div>
  </div>
</div>





  </div>
</div>


<div class="element">


<div class="tags indention">
</div>


  <span class="lead-duration duration">0.480</span>


  <span data-toggle="collapse" class=" collapsable-control" data-target="#element-14">

<div class="brief failed">
  <span class="keyword indention">Scenario</span>
  <span class="name">Verschillende templates kunnen gebruikt worden in een brief en deze brief kan dan gegenereerd worden</span>


     <i class="chevron fa fa-fw"></i>
</div>

  </span>
  <div class="description indention"></div>

  <div id="element-14" class="collapse collapsable-details  in ">


  <div class="inner-level hooks-element-before">
    <div data-toggle="collapse" class=" collapsed  collapsable-control" data-target="#before-15">

<div class="brief passed">
  <span class="keyword indention">Hooks</span>
  <span class="name"></span>


     <i class="chevron fa fa-fw"></i>
</div>

    </div>

    <div id="before-15" class="inner-level collapse collapsable-details ">
        <div class="hook">
          <div class="brief passed">
            <span class="keyword indention">Before</span>
              <span class="location name">be.artisjaap.document.cucumber.CucumberHooks.clear()</span>

  <span class="lead-duration duration">0.081</span>

          </div>







        </div>
    </div>
  </div>



<div class="steps inner-level">
  <div data-toggle="collapse" class=" collapsable-control" data-target="#steps-16">

<div class="brief failed">
  <span class="keyword indention">Steps</span>
  <span class="name"></span>


     <i class="chevron fa fa-fw"></i>
</div>

  </div>

  <div id="steps-16" class="inner-level collapse collapsable-details  in ">
      <div class="step">


<div class="brief step-name-Given passed">
  <span class="keyword indention">Given</span>
  <span class="name">an active template <span class="argument">MANDAAT_HEADER_FOOTER_NL.DOCX</span> with code <span class="argument">MANDAAT_HEADER_FOOTER</span> in language <span class="argument">nld</span></span>

  <span class="lead-duration duration">0.369</span>

</div>
















      </div>
      <div class="step">


<div class="brief step-name-And passed">
  <span class="keyword indention">And</span>
  <span class="name">an active template <span class="argument">TEMPLATE_MANDAAT_BRIEF_NA_TELEFONISCH_CONTACT_NL.DOCX</span> with code <span class="argument">MANDAAT_BRIEF_NA_TELEFONISCH_CONTACT</span> in language <span class="argument">nld</span></span>

  <span class="lead-duration duration">0.111</span>

</div>
















      </div>
      <div class="step">


<div class="brief step-name-And undefined">
  <span class="keyword indention">And</span>
  <span class="name">a document MANDAAT_BRIEF in language nld exists of templates MANDAAT_HEADER_FOOTER, MANDAAT_BRIEF_NA_TELEFONISCH_CONTACT</span>

  <span class="lead-duration duration">0.000</span>

</div>
















      </div>
      <div class="step">


<div class="brief step-name-And skipped">
  <span class="keyword indention">And</span>
  <span class="name">the document with code <span class="argument">MANDAAT_BRIEF</span> has been set active in language <span class="argument">nld</span></span>

  <span class="lead-duration duration">0.000</span>

</div>
















      </div>
      <div class="step">


<div class="brief step-name-Then skipped">
  <span class="keyword indention">Then</span>
  <span class="name">the document with code <span class="argument">MANDAAT_BRIEF</span> in language <span class="argument">nld</span> can be generated using a default dataset</span>

  <span class="lead-duration duration">0.000</span>

</div>
















      </div>
  </div>
</div>





  </div>
</div>


<div class="element">


<div class="tags indention">
</div>


  <span class="lead-duration duration">0.296</span>


  <span data-toggle="collapse" class=" collapsable-control" data-target="#element-17">

<div class="brief failed">
  <span class="keyword indention">Scenario</span>
  <span class="name">Gecombineerde templates en andere templates kunnen gebruikt worden in een brief en deze brief kan dan gegenereerd worden</span>


     <i class="chevron fa fa-fw"></i>
</div>

  </span>
  <div class="description indention"></div>

  <div id="element-17" class="collapse collapsable-details  in ">


  <div class="inner-level hooks-element-before">
    <div data-toggle="collapse" class=" collapsed  collapsable-control" data-target="#before-18">

<div class="brief passed">
  <span class="keyword indention">Hooks</span>
  <span class="name"></span>


     <i class="chevron fa fa-fw"></i>
</div>

    </div>

    <div id="before-18" class="inner-level collapse collapsable-details ">
        <div class="hook">
          <div class="brief passed">
            <span class="keyword indention">Before</span>
              <span class="location name">be.artisjaap.document.cucumber.CucumberHooks.clear()</span>

  <span class="lead-duration duration">0.024</span>

          </div>







        </div>
    </div>
  </div>



<div class="steps inner-level">
  <div data-toggle="collapse" class=" collapsable-control" data-target="#steps-19">

<div class="brief failed">
  <span class="keyword indention">Steps</span>
  <span class="name"></span>


     <i class="chevron fa fa-fw"></i>
</div>

  </div>

  <div id="steps-19" class="inner-level collapse collapsable-details  in ">
      <div class="step">


<div class="brief step-name-Given passed">
  <span class="keyword indention">Given</span>
  <span class="name">an active template <span class="argument">MANDAAT_HEADER_FOOTER_NL.DOCX</span> with code <span class="argument">MANDAAT_HEADER_FOOTER</span> in language <span class="argument">nld</span></span>

  <span class="lead-duration duration">0.130</span>

</div>
















      </div>
      <div class="step">


<div class="brief step-name-And passed">
  <span class="keyword indention">And</span>
  <span class="name">an active template <span class="argument">TEMPLATE_MANDAAT_BRIEF_NA_TELEFONISCH_CONTACT_NL.DOCX</span> with code <span class="argument">MANDAAT_BRIEF_NA_TELEFONISCH_CONTACT</span> in language <span class="argument">nld</span></span>

  <span class="lead-duration duration">0.165</span>

</div>
















      </div>
      <div class="step">


<div class="brief step-name-And undefined">
  <span class="keyword indention">And</span>
  <span class="name">a combined template with code MANDAAT_MET_HEADER_FOOTER in language nld consists of templates MANDAAT_HEADER_FOOTER, MANDAAT_BRIEF_NA_TELEFONISCH_CONTACT</span>

  <span class="lead-duration duration">0.000</span>

</div>
















      </div>
      <div class="step">


<div class="brief step-name-And skipped">
  <span class="keyword indention">And</span>
  <span class="name">the combined template with code <span class="argument">MANDAAT_MET_HEADER_FOOTER</span> is activated in language <span class="argument">nld</span></span>

  <span class="lead-duration duration">0.000</span>

</div>
















      </div>
      <div class="step">


<div class="brief step-name-And skipped">
  <span class="keyword indention">And</span>
  <span class="name">a document <span class="argument">MANDAAT_BRIEF</span> in language <span class="argument">nld</span> exists of templates <span class="argument">MANDAAT_MET_HEADER_FOOTER</span></span>

  <span class="lead-duration duration">0.000</span>

</div>
















      </div>
      <div class="step">


<div class="brief step-name-And skipped">
  <span class="keyword indention">And</span>
  <span class="name">the document with code <span class="argument">MANDAAT_BRIEF</span> has been set active in language <span class="argument">nld</span></span>

  <span class="lead-duration duration">0.000</span>

</div>
















      </div>
      <div class="step">


<div class="brief step-name-Then skipped">
  <span class="keyword indention">Then</span>
  <span class="name">the document with code <span class="argument">MANDAAT_BRIEF</span> in language <span class="argument">nld</span> can be generated using a default dataset</span>

  <span class="lead-duration duration">0.000</span>

</div>
















      </div>
  </div>
</div>





  </div>
</div>


<div class="element">


<div class="tags indention">
</div>


  <span class="lead-duration duration">0.428</span>


  <span data-toggle="collapse" class=" collapsable-control" data-target="#element-20">

<div class="brief failed">
  <span class="keyword indention">Scenario</span>
  <span class="name">Gegenereerde brieven kunnen opgeslagen worden in de database</span>


     <i class="chevron fa fa-fw"></i>
</div>

  </span>
  <div class="description indention"></div>

  <div id="element-20" class="collapse collapsable-details  in ">


  <div class="inner-level hooks-element-before">
    <div data-toggle="collapse" class=" collapsed  collapsable-control" data-target="#before-21">

<div class="brief passed">
  <span class="keyword indention">Hooks</span>
  <span class="name"></span>


     <i class="chevron fa fa-fw"></i>
</div>

    </div>

    <div id="before-21" class="inner-level collapse collapsable-details ">
        <div class="hook">
          <div class="brief passed">
            <span class="keyword indention">Before</span>
              <span class="location name">be.artisjaap.document.cucumber.CucumberHooks.clear()</span>

  <span class="lead-duration duration">0.016</span>

          </div>







        </div>
    </div>
  </div>



<div class="steps inner-level">
  <div data-toggle="collapse" class=" collapsable-control" data-target="#steps-22">

<div class="brief failed">
  <span class="keyword indention">Steps</span>
  <span class="name"></span>


     <i class="chevron fa fa-fw"></i>
</div>

  </div>

  <div id="steps-22" class="inner-level collapse collapsable-details  in ">
      <div class="step">


<div class="brief step-name-Given passed">
  <span class="keyword indention">Given</span>
  <span class="name">an active template <span class="argument">MANDAAT_HEADER_FOOTER_NL.DOCX</span> with code <span class="argument">MANDAAT_HEADER_FOOTER</span> in language <span class="argument">nld</span></span>

  <span class="lead-duration duration">0.202</span>

</div>
















      </div>
      <div class="step">


<div class="brief step-name-And passed">
  <span class="keyword indention">And</span>
  <span class="name">a document <span class="argument">MANDAAT_BRIEF</span> in language <span class="argument">nld</span> exists of templates <span class="argument">MANDAAT_HEADER_FOOTER</span></span>

  <span class="lead-duration duration">0.006</span>

</div>
















      </div>
      <div class="step">


<div class="brief step-name-And passed">
  <span class="keyword indention">And</span>
  <span class="name">the document with code <span class="argument">MANDAAT_BRIEF</span> has been set active in language <span class="argument">nld</span></span>

  <span class="lead-duration duration">0.013</span>

</div>
















      </div>
      <div class="step">


<div class="brief step-name-Then failed">
  <span class="keyword indention">Then</span>
  <span class="name">the document with code <span class="argument">MANDAAT_BRIEF</span> in language <span class="argument">nld</span> can be generated using a default dataset</span>

  <span class="lead-duration duration">0.205</span>

</div>






  <div class="inner-level">
    <div class="message indention">
      <div data-toggle="collapse" class=" collapsable-control" data-target="#msg-23">
          <a>java.lang.IllegalStateException:</a>
      </div>
      <div id="msg-23" class="collapse collapsable-details  in ">
        <pre>java.lang.IllegalStateException: java.lang.AbstractMethodError: Missing implementation of resolved method abstract init(Lorg/apache/velocity/util/ExtProperties;)V of abstract class org.apache.velocity.runtime.resource.loader.ResourceLoader.
	at be.artisjaap.document.utils.XdocUtils.maakDocument(XdocUtils.java:52)
	at be.artisjaap.document.action.GenerateSimpleTemplate.maakTemplateTO(GenerateSimpleTemplate.java:31)
	at be.artisjaap.document.action.GenerateSimpleTemplate.voor(GenerateSimpleTemplate.java:26)
	at be.artisjaap.document.action.GenerateCombinedTemplate.generate(GenerateCombinedTemplate.java:39)
	at be.artisjaap.document.action.GenerateDocument.lambda$forDocument$1(GenerateDocument.java:50)
	at java.base/java.util.stream.ReferencePipeline$3$1.accept(ReferencePipeline.java:195)
	at java.base/java.util.ArrayList$ArrayListSpliterator.forEachRemaining(ArrayList.java:1654)
	at java.base/java.util.stream.AbstractPipeline.copyInto(AbstractPipeline.java:484)
	at java.base/java.util.stream.AbstractPipeline.wrapAndCopyInto(AbstractPipeline.java:474)
	at java.base/java.util.stream.ReduceOps$ReduceOp.evaluateSequential(ReduceOps.java:913)
	at java.base/java.util.stream.AbstractPipeline.evaluate(AbstractPipeline.java:234)
	at java.base/java.util.stream.ReferencePipeline.collect(ReferencePipeline.java:578)
	at be.artisjaap.document.action.GenerateDocument.forDocument(GenerateDocument.java:50)
	at be.artisjaap.document.cucumber.DocumentbeheerThenStepsDefinition.kanDeBriefMetCodeMANDAAT_BRIEFGegenereerdWordenMetEenDefaultSetVanDatasets(DocumentbeheerThenStepsDefinition.java:96)
	at &#10045;.the document with code MANDAAT_BRIEF in language nld can be generated using a default dataset(classpath:scenarios/documentbeheer.feature:45)
Caused by: fr.opensagres.xdocreport.core.XDocReportException: java.lang.AbstractMethodError: Missing implementation of resolved method abstract init(Lorg/apache/velocity/util/ExtProperties;)V of abstract class org.apache.velocity.runtime.resource.loader.ResourceLoader.
	at fr.opensagres.xdocreport.template.AbstractTemplateEngine.process(AbstractTemplateEngine.java:152)
	at fr.opensagres.xdocreport.template.AbstractTemplateEngine.process(AbstractTemplateEngine.java:83)
	at fr.opensagres.xdocreport.document.AbstractXDocReport.processTemplateEngine(AbstractXDocReport.java:772)
	at fr.opensagres.xdocreport.document.AbstractXDocReport.convert(AbstractXDocReport.java:700)
	at be.artisjaap.document.utils.XdocUtils.maakDocument(XdocUtils.java:41)
	at be.artisjaap.document.action.GenerateSimpleTemplate.maakTemplateTO(GenerateSimpleTemplate.java:31)
	at be.artisjaap.document.action.GenerateSimpleTemplate.voor(GenerateSimpleTemplate.java:26)
	at be.artisjaap.document.action.GenerateCombinedTemplate.generate(GenerateCombinedTemplate.java:39)
	at be.artisjaap.document.action.GenerateDocument.lambda$forDocument$1(GenerateDocument.java:50)
	at java.base/java.util.stream.ReferencePipeline$3$1.accept(ReferencePipeline.java:195)
	at java.base/java.util.ArrayList$ArrayListSpliterator.forEachRemaining(ArrayList.java:1654)
	at java.base/java.util.stream.AbstractPipeline.copyInto(AbstractPipeline.java:484)
	at java.base/java.util.stream.AbstractPipeline.wrapAndCopyInto(AbstractPipeline.java:474)
	at java.base/java.util.stream.ReduceOps$ReduceOp.evaluateSequential(ReduceOps.java:913)
	at java.base/java.util.stream.AbstractPipeline.evaluate(AbstractPipeline.java:234)
	at java.base/java.util.stream.ReferencePipeline.collect(ReferencePipeline.java:578)
	at be.artisjaap.document.action.GenerateDocument.forDocument(GenerateDocument.java:50)
	at be.artisjaap.document.cucumber.DocumentbeheerThenStepsDefinition.kanDeBriefMetCodeMANDAAT_BRIEFGegenereerdWordenMetEenDefaultSetVanDatasets(DocumentbeheerThenStepsDefinition.java:96)
	at java.base/jdk.internal.reflect.NativeMethodAccessorImpl.invoke0(Native Method)
	at java.base/jdk.internal.reflect.NativeMethodAccessorImpl.invoke(NativeMethodAccessorImpl.java:62)
	at java.base/jdk.internal.reflect.DelegatingMethodAccessorImpl.invoke(DelegatingMethodAccessorImpl.java:43)
	at java.base/java.lang.reflect.Method.invoke(Method.java:567)
	at io.cucumber.java.Invoker.invoke(Invoker.java:27)
	at io.cucumber.java.JavaStepDefinition.execute(JavaStepDefinition.java:27)
	at io.cucumber.core.runner.PickleStepDefinitionMatch.runStep(PickleStepDefinitionMatch.java:63)
	at io.cucumber.core.runner.TestStep.executeStep(TestStep.java:64)
	at io.cucumber.core.runner.TestStep.run(TestStep.java:49)
	at io.cucumber.core.runner.PickleStepTestStep.run(PickleStepTestStep.java:46)
	at io.cucumber.core.runner.TestCase.run(TestCase.java:51)
	at io.cucumber.core.runner.Runner.runPickle(Runner.java:66)
	at io.cucumber.junit.PickleRunners$NoStepDescriptions.run(PickleRunners.java:149)
	at io.cucumber.junit.FeatureRunner.runChild(FeatureRunner.java:83)
	at io.cucumber.junit.FeatureRunner.runChild(FeatureRunner.java:24)
	at org.junit.runners.ParentRunner$3.run(ParentRunner.java:290)
	at org.junit.runners.ParentRunner$1.schedule(ParentRunner.java:71)
	at org.junit.runners.ParentRunner.runChildren(ParentRunner.java:288)
	at org.junit.runners.ParentRunner.access$000(ParentRunner.java:58)
	at org.junit.runners.ParentRunner$2.evaluate(ParentRunner.java:268)
	at org.junit.runners.ParentRunner.run(ParentRunner.java:363)
	at io.cucumber.junit.Cucumber.runChild(Cucumber.java:185)
	at io.cucumber.junit.Cucumber.runChild(Cucumber.java:83)
	at org.junit.runners.ParentRunner$3.run(ParentRunner.java:290)
	at org.junit.runners.ParentRunner$1.schedule(ParentRunner.java:71)
	at org.junit.runners.ParentRunner.runChildren(ParentRunner.java:288)
	at org.junit.runners.ParentRunner.access$000(ParentRunner.java:58)
	at org.junit.runners.ParentRunner$2.evaluate(ParentRunner.java:268)
	at io.cucumber.junit.Cucumber$RunCucumber.evaluate(Cucumber.java:219)
	at org.junit.runners.ParentRunner.run(ParentRunner.java:363)
	at org.junit.runner.JUnitCore.run(JUnitCore.java:137)
	at com.intellij.junit4.JUnit4IdeaTestRunner.startRunnerWithArgs(JUnit4IdeaTestRunner.java:68)
	at com.intellij.rt.junit.IdeaTestRunner$Repeater.startRunnerWithArgs(IdeaTestRunner.java:33)
	at com.intellij.rt.junit.JUnitStarter.prepareStreamsAndStart(JUnitStarter.java:230)
	at com.intellij.rt.junit.JUnitStarter.main(JUnitStarter.java:58)
Caused by: java.lang.AbstractMethodError: Missing implementation of resolved method abstract init(Lorg/apache/velocity/util/ExtProperties;)V of abstract class org.apache.velocity.runtime.resource.loader.ResourceLoader.
	at org.apache.velocity.runtime.resource.ResourceManagerImpl.initialize(ResourceManagerImpl.java:139)
	at org.apache.velocity.runtime.RuntimeInstance.initializeResourceManager(RuntimeInstance.java:784)
	at org.apache.velocity.runtime.RuntimeInstance.init(RuntimeInstance.java:261)
	at org.apache.velocity.runtime.RuntimeInstance.requireInitialization(RuntimeInstance.java:348)
	at org.apache.velocity.runtime.RuntimeInstance.parse(RuntimeInstance.java:1232)
	at org.apache.velocity.runtime.RuntimeInstance.evaluate(RuntimeInstance.java:1340)
	at org.apache.velocity.app.VelocityEngine.evaluate(VelocityEngine.java:240)
	at fr.opensagres.xdocreport.template.velocity.internal.VelocityTemplateEngine.processNoCache(VelocityTemplateEngine.java:109)
	at fr.opensagres.xdocreport.template.AbstractTemplateEngine.process(AbstractTemplateEngine.java:118)
	... 52 more
</pre>
      </div>
    </div>
  </div>











      </div>
  </div>
</div>





  </div>
</div>


<div class="element">


<div class="tags indention">
</div>


  <span class="lead-duration duration">0.401</span>


  <span data-toggle="collapse" class=" collapsable-control" data-target="#element-24">

<div class="brief failed">
  <span class="keyword indention">Scenario</span>
  <span class="name">Gegenereerde brieven kunnen opgeslagen worden in een absoluut path</span>


     <i class="chevron fa fa-fw"></i>
</div>

  </span>
  <div class="description indention"></div>

  <div id="element-24" class="collapse collapsable-details  in ">


  <div class="inner-level hooks-element-before">
    <div data-toggle="collapse" class=" collapsed  collapsable-control" data-target="#before-25">

<div class="brief passed">
  <span class="keyword indention">Hooks</span>
  <span class="name"></span>


     <i class="chevron fa fa-fw"></i>
</div>

    </div>

    <div id="before-25" class="inner-level collapse collapsable-details ">
        <div class="hook">
          <div class="brief passed">
            <span class="keyword indention">Before</span>
              <span class="location name">be.artisjaap.document.cucumber.CucumberHooks.clear()</span>

  <span class="lead-duration duration">0.015</span>

          </div>







        </div>
    </div>
  </div>



<div class="steps inner-level">
  <div data-toggle="collapse" class=" collapsable-control" data-target="#steps-26">

<div class="brief failed">
  <span class="keyword indention">Steps</span>
  <span class="name"></span>


     <i class="chevron fa fa-fw"></i>
</div>

  </div>

  <div id="steps-26" class="inner-level collapse collapsable-details  in ">
      <div class="step">


<div class="brief step-name-Given passed">
  <span class="keyword indention">Given</span>
  <span class="name">an active template <span class="argument">MANDAAT_HEADER_FOOTER_NL.DOCX</span> with code <span class="argument">MANDAAT_HEADER_FOOTER</span> in language <span class="argument">nld</span></span>

  <span class="lead-duration duration">0.148</span>

</div>
















      </div>
      <div class="step">


<div class="brief step-name-And passed">
  <span class="keyword indention">And</span>
  <span class="name">a document <span class="argument">MANDAAT_BRIEF</span> in language <span class="argument">nld</span> exists of templates <span class="argument">MANDAAT_HEADER_FOOTER</span></span>

  <span class="lead-duration duration">0.008</span>

</div>
















      </div>
      <div class="step">


<div class="brief step-name-And passed">
  <span class="keyword indention">And</span>
  <span class="name">the document with code <span class="argument">MANDAAT_BRIEF</span> has been set active in language <span class="argument">nld</span></span>

  <span class="lead-duration duration">0.015</span>

</div>
















      </div>
      <div class="step">


<div class="brief step-name-Then failed">
  <span class="keyword indention">Then</span>
  <span class="name">the document with code <span class="argument">MANDAAT_BRIEF</span> in language <span class="argument">nld</span> can be generated using a default dataset</span>

  <span class="lead-duration duration">0.228</span>

</div>






  <div class="inner-level">
    <div class="message indention">
      <div data-toggle="collapse" class=" collapsable-control" data-target="#msg-27">
          <a>java.lang.IllegalStateException:</a>
      </div>
      <div id="msg-27" class="collapse collapsable-details  in ">
        <pre>java.lang.IllegalStateException: java.lang.AbstractMethodError: Missing implementation of resolved method abstract init(Lorg/apache/velocity/util/ExtProperties;)V of abstract class org.apache.velocity.runtime.resource.loader.ResourceLoader.
	at be.artisjaap.document.utils.XdocUtils.maakDocument(XdocUtils.java:52)
	at be.artisjaap.document.action.GenerateSimpleTemplate.maakTemplateTO(GenerateSimpleTemplate.java:31)
	at be.artisjaap.document.action.GenerateSimpleTemplate.voor(GenerateSimpleTemplate.java:26)
	at be.artisjaap.document.action.GenerateCombinedTemplate.generate(GenerateCombinedTemplate.java:39)
	at be.artisjaap.document.action.GenerateDocument.lambda$forDocument$1(GenerateDocument.java:50)
	at java.base/java.util.stream.ReferencePipeline$3$1.accept(ReferencePipeline.java:195)
	at java.base/java.util.ArrayList$ArrayListSpliterator.forEachRemaining(ArrayList.java:1654)
	at java.base/java.util.stream.AbstractPipeline.copyInto(AbstractPipeline.java:484)
	at java.base/java.util.stream.AbstractPipeline.wrapAndCopyInto(AbstractPipeline.java:474)
	at java.base/java.util.stream.ReduceOps$ReduceOp.evaluateSequential(ReduceOps.java:913)
	at java.base/java.util.stream.AbstractPipeline.evaluate(AbstractPipeline.java:234)
	at java.base/java.util.stream.ReferencePipeline.collect(ReferencePipeline.java:578)
	at be.artisjaap.document.action.GenerateDocument.forDocument(GenerateDocument.java:50)
	at be.artisjaap.document.cucumber.DocumentbeheerThenStepsDefinition.kanDeBriefMetCodeMANDAAT_BRIEFGegenereerdWordenMetEenDefaultSetVanDatasets(DocumentbeheerThenStepsDefinition.java:96)
	at &#10045;.the document with code MANDAAT_BRIEF in language nld can be generated using a default dataset(classpath:scenarios/documentbeheer.feature:51)
Caused by: fr.opensagres.xdocreport.core.XDocReportException: java.lang.AbstractMethodError: Missing implementation of resolved method abstract init(Lorg/apache/velocity/util/ExtProperties;)V of abstract class org.apache.velocity.runtime.resource.loader.ResourceLoader.
	at fr.opensagres.xdocreport.template.AbstractTemplateEngine.process(AbstractTemplateEngine.java:152)
	at fr.opensagres.xdocreport.template.AbstractTemplateEngine.process(AbstractTemplateEngine.java:83)
	at fr.opensagres.xdocreport.document.AbstractXDocReport.processTemplateEngine(AbstractXDocReport.java:772)
	at fr.opensagres.xdocreport.document.AbstractXDocReport.convert(AbstractXDocReport.java:700)
	at be.artisjaap.document.utils.XdocUtils.maakDocument(XdocUtils.java:41)
	at be.artisjaap.document.action.GenerateSimpleTemplate.maakTemplateTO(GenerateSimpleTemplate.java:31)
	at be.artisjaap.document.action.GenerateSimpleTemplate.voor(GenerateSimpleTemplate.java:26)
	at be.artisjaap.document.action.GenerateCombinedTemplate.generate(GenerateCombinedTemplate.java:39)
	at be.artisjaap.document.action.GenerateDocument.lambda$forDocument$1(GenerateDocument.java:50)
	at java.base/java.util.stream.ReferencePipeline$3$1.accept(ReferencePipeline.java:195)
	at java.base/java.util.ArrayList$ArrayListSpliterator.forEachRemaining(ArrayList.java:1654)
	at java.base/java.util.stream.AbstractPipeline.copyInto(AbstractPipeline.java:484)
	at java.base/java.util.stream.AbstractPipeline.wrapAndCopyInto(AbstractPipeline.java:474)
	at java.base/java.util.stream.ReduceOps$ReduceOp.evaluateSequential(ReduceOps.java:913)
	at java.base/java.util.stream.AbstractPipeline.evaluate(AbstractPipeline.java:234)
	at java.base/java.util.stream.ReferencePipeline.collect(ReferencePipeline.java:578)
	at be.artisjaap.document.action.GenerateDocument.forDocument(GenerateDocument.java:50)
	at be.artisjaap.document.cucumber.DocumentbeheerThenStepsDefinition.kanDeBriefMetCodeMANDAAT_BRIEFGegenereerdWordenMetEenDefaultSetVanDatasets(DocumentbeheerThenStepsDefinition.java:96)
	at java.base/jdk.internal.reflect.NativeMethodAccessorImpl.invoke0(Native Method)
	at java.base/jdk.internal.reflect.NativeMethodAccessorImpl.invoke(NativeMethodAccessorImpl.java:62)
	at java.base/jdk.internal.reflect.DelegatingMethodAccessorImpl.invoke(DelegatingMethodAccessorImpl.java:43)
	at java.base/java.lang.reflect.Method.invoke(Method.java:567)
	at io.cucumber.java.Invoker.invoke(Invoker.java:27)
	at io.cucumber.java.JavaStepDefinition.execute(JavaStepDefinition.java:27)
	at io.cucumber.core.runner.PickleStepDefinitionMatch.runStep(PickleStepDefinitionMatch.java:63)
	at io.cucumber.core.runner.TestStep.executeStep(TestStep.java:64)
	at io.cucumber.core.runner.TestStep.run(TestStep.java:49)
	at io.cucumber.core.runner.PickleStepTestStep.run(PickleStepTestStep.java:46)
	at io.cucumber.core.runner.TestCase.run(TestCase.java:51)
	at io.cucumber.core.runner.Runner.runPickle(Runner.java:66)
	at io.cucumber.junit.PickleRunners$NoStepDescriptions.run(PickleRunners.java:149)
	at io.cucumber.junit.FeatureRunner.runChild(FeatureRunner.java:83)
	at io.cucumber.junit.FeatureRunner.runChild(FeatureRunner.java:24)
	at org.junit.runners.ParentRunner$3.run(ParentRunner.java:290)
	at org.junit.runners.ParentRunner$1.schedule(ParentRunner.java:71)
	at org.junit.runners.ParentRunner.runChildren(ParentRunner.java:288)
	at org.junit.runners.ParentRunner.access$000(ParentRunner.java:58)
	at org.junit.runners.ParentRunner$2.evaluate(ParentRunner.java:268)
	at org.junit.runners.ParentRunner.run(ParentRunner.java:363)
	at io.cucumber.junit.Cucumber.runChild(Cucumber.java:185)
	at io.cucumber.junit.Cucumber.runChild(Cucumber.java:83)
	at org.junit.runners.ParentRunner$3.run(ParentRunner.java:290)
	at org.junit.runners.ParentRunner$1.schedule(ParentRunner.java:71)
	at org.junit.runners.ParentRunner.runChildren(ParentRunner.java:288)
	at org.junit.runners.ParentRunner.access$000(ParentRunner.java:58)
	at org.junit.runners.ParentRunner$2.evaluate(ParentRunner.java:268)
	at io.cucumber.junit.Cucumber$RunCucumber.evaluate(Cucumber.java:219)
	at org.junit.runners.ParentRunner.run(ParentRunner.java:363)
	at org.junit.runner.JUnitCore.run(JUnitCore.java:137)
	at com.intellij.junit4.JUnit4IdeaTestRunner.startRunnerWithArgs(JUnit4IdeaTestRunner.java:68)
	at com.intellij.rt.junit.IdeaTestRunner$Repeater.startRunnerWithArgs(IdeaTestRunner.java:33)
	at com.intellij.rt.junit.JUnitStarter.prepareStreamsAndStart(JUnitStarter.java:230)
	at com.intellij.rt.junit.JUnitStarter.main(JUnitStarter.java:58)
Caused by: java.lang.AbstractMethodError: Missing implementation of resolved method abstract init(Lorg/apache/velocity/util/ExtProperties;)V of abstract class org.apache.velocity.runtime.resource.loader.ResourceLoader.
	at org.apache.velocity.runtime.resource.ResourceManagerImpl.initialize(ResourceManagerImpl.java:139)
	at org.apache.velocity.runtime.RuntimeInstance.initializeResourceManager(RuntimeInstance.java:784)
	at org.apache.velocity.runtime.RuntimeInstance.init(RuntimeInstance.java:261)
	at org.apache.velocity.runtime.RuntimeInstance.requireInitialization(RuntimeInstance.java:348)
	at org.apache.velocity.runtime.RuntimeInstance.parse(RuntimeInstance.java:1232)
	at org.apache.velocity.runtime.RuntimeInstance.evaluate(RuntimeInstance.java:1340)
	at org.apache.velocity.app.VelocityEngine.evaluate(VelocityEngine.java:240)
	at fr.opensagres.xdocreport.template.velocity.internal.VelocityTemplateEngine.processNoCache(VelocityTemplateEngine.java:109)
	at fr.opensagres.xdocreport.template.AbstractTemplateEngine.process(AbstractTemplateEngine.java:118)
	... 52 more
</pre>
      </div>
    </div>
  </div>











      </div>
  </div>
</div>





  </div>
</div>


<div class="element">


<div class="tags indention">
</div>


  <span class="lead-duration duration">0.320</span>


  <span data-toggle="collapse" class=" collapsable-control" data-target="#element-28">

<div class="brief failed">
  <span class="keyword indention">Scenario</span>
  <span class="name">Gegenereerde brieven kunnen opgeslagen worden in een relatief path</span>


     <i class="chevron fa fa-fw"></i>
</div>

  </span>
  <div class="description indention"></div>

  <div id="element-28" class="collapse collapsable-details  in ">


  <div class="inner-level hooks-element-before">
    <div data-toggle="collapse" class=" collapsed  collapsable-control" data-target="#before-29">

<div class="brief passed">
  <span class="keyword indention">Hooks</span>
  <span class="name"></span>


     <i class="chevron fa fa-fw"></i>
</div>

    </div>

    <div id="before-29" class="inner-level collapse collapsable-details ">
        <div class="hook">
          <div class="brief passed">
            <span class="keyword indention">Before</span>
              <span class="location name">be.artisjaap.document.cucumber.CucumberHooks.clear()</span>

  <span class="lead-duration duration">0.014</span>

          </div>







        </div>
    </div>
  </div>



<div class="steps inner-level">
  <div data-toggle="collapse" class=" collapsable-control" data-target="#steps-30">

<div class="brief failed">
  <span class="keyword indention">Steps</span>
  <span class="name"></span>


     <i class="chevron fa fa-fw"></i>
</div>

  </div>

  <div id="steps-30" class="inner-level collapse collapsable-details  in ">
      <div class="step">


<div class="brief step-name-Given passed">
  <span class="keyword indention">Given</span>
  <span class="name">an active template <span class="argument">MANDAAT_HEADER_FOOTER_NL.DOCX</span> with code <span class="argument">MANDAAT_HEADER_FOOTER</span> in language <span class="argument">nld</span></span>

  <span class="lead-duration duration">0.115</span>

</div>
















      </div>
      <div class="step">


<div class="brief step-name-And passed">
  <span class="keyword indention">And</span>
  <span class="name">a document <span class="argument">MANDAAT_BRIEF</span> in language <span class="argument">nld</span> exists of templates <span class="argument">MANDAAT_HEADER_FOOTER</span></span>

  <span class="lead-duration duration">0.008</span>

</div>
















      </div>
      <div class="step">


<div class="brief step-name-And passed">
  <span class="keyword indention">And</span>
  <span class="name">the document with code <span class="argument">MANDAAT_BRIEF</span> has been set active in language <span class="argument">nld</span></span>

  <span class="lead-duration duration">0.012</span>

</div>
















      </div>
      <div class="step">


<div class="brief step-name-Then failed">
  <span class="keyword indention">Then</span>
  <span class="name">the document with code <span class="argument">MANDAAT_BRIEF</span> in language <span class="argument">nld</span> can be generated using a default dataset and are saved on relative path <span class="argument">/docs/</span></span>

  <span class="lead-duration duration">0.182</span>

</div>






  <div class="inner-level">
    <div class="message indention">
      <div data-toggle="collapse" class=" collapsable-control" data-target="#msg-31">
          <a>java.lang.IllegalStateException:</a>
      </div>
      <div id="msg-31" class="collapse collapsable-details  in ">
        <pre>java.lang.IllegalStateException: java.lang.AbstractMethodError: Missing implementation of resolved method abstract init(Lorg/apache/velocity/util/ExtProperties;)V of abstract class org.apache.velocity.runtime.resource.loader.ResourceLoader.
	at be.artisjaap.document.utils.XdocUtils.maakDocument(XdocUtils.java:52)
	at be.artisjaap.document.action.GenerateSimpleTemplate.maakTemplateTO(GenerateSimpleTemplate.java:31)
	at be.artisjaap.document.action.GenerateSimpleTemplate.voor(GenerateSimpleTemplate.java:26)
	at be.artisjaap.document.action.GenerateCombinedTemplate.generate(GenerateCombinedTemplate.java:39)
	at be.artisjaap.document.action.GenerateDocument.lambda$forDocument$1(GenerateDocument.java:50)
	at java.base/java.util.stream.ReferencePipeline$3$1.accept(ReferencePipeline.java:195)
	at java.base/java.util.ArrayList$ArrayListSpliterator.forEachRemaining(ArrayList.java:1654)
	at java.base/java.util.stream.AbstractPipeline.copyInto(AbstractPipeline.java:484)
	at java.base/java.util.stream.AbstractPipeline.wrapAndCopyInto(AbstractPipeline.java:474)
	at java.base/java.util.stream.ReduceOps$ReduceOp.evaluateSequential(ReduceOps.java:913)
	at java.base/java.util.stream.AbstractPipeline.evaluate(AbstractPipeline.java:234)
	at java.base/java.util.stream.ReferencePipeline.collect(ReferencePipeline.java:578)
	at be.artisjaap.document.action.GenerateDocument.forDocument(GenerateDocument.java:50)
	at be.artisjaap.document.cucumber.DocumentbeheerThenStepsDefinition.kanDeBriefMetCodeInTaalGegenereerdWordenMetEenDefaultSetVanDatasetsEnWordenOpgeslagenOpHetRelatievePath(DocumentbeheerThenStepsDefinition.java:191)
	at &#10045;.the document with code MANDAAT_BRIEF in language nld can be generated using a default dataset and are saved on relative path /docs/(classpath:scenarios/documentbeheer.feature:57)
Caused by: fr.opensagres.xdocreport.core.XDocReportException: java.lang.AbstractMethodError: Missing implementation of resolved method abstract init(Lorg/apache/velocity/util/ExtProperties;)V of abstract class org.apache.velocity.runtime.resource.loader.ResourceLoader.
	at fr.opensagres.xdocreport.template.AbstractTemplateEngine.process(AbstractTemplateEngine.java:152)
	at fr.opensagres.xdocreport.template.AbstractTemplateEngine.process(AbstractTemplateEngine.java:83)
	at fr.opensagres.xdocreport.document.AbstractXDocReport.processTemplateEngine(AbstractXDocReport.java:772)
	at fr.opensagres.xdocreport.document.AbstractXDocReport.convert(AbstractXDocReport.java:700)
	at be.artisjaap.document.utils.XdocUtils.maakDocument(XdocUtils.java:41)
	at be.artisjaap.document.action.GenerateSimpleTemplate.maakTemplateTO(GenerateSimpleTemplate.java:31)
	at be.artisjaap.document.action.GenerateSimpleTemplate.voor(GenerateSimpleTemplate.java:26)
	at be.artisjaap.document.action.GenerateCombinedTemplate.generate(GenerateCombinedTemplate.java:39)
	at be.artisjaap.document.action.GenerateDocument.lambda$forDocument$1(GenerateDocument.java:50)
	at java.base/java.util.stream.ReferencePipeline$3$1.accept(ReferencePipeline.java:195)
	at java.base/java.util.ArrayList$ArrayListSpliterator.forEachRemaining(ArrayList.java:1654)
	at java.base/java.util.stream.AbstractPipeline.copyInto(AbstractPipeline.java:484)
	at java.base/java.util.stream.AbstractPipeline.wrapAndCopyInto(AbstractPipeline.java:474)
	at java.base/java.util.stream.ReduceOps$ReduceOp.evaluateSequential(ReduceOps.java:913)
	at java.base/java.util.stream.AbstractPipeline.evaluate(AbstractPipeline.java:234)
	at java.base/java.util.stream.ReferencePipeline.collect(ReferencePipeline.java:578)
	at be.artisjaap.document.action.GenerateDocument.forDocument(GenerateDocument.java:50)
	at be.artisjaap.document.cucumber.DocumentbeheerThenStepsDefinition.kanDeBriefMetCodeInTaalGegenereerdWordenMetEenDefaultSetVanDatasetsEnWordenOpgeslagenOpHetRelatievePath(DocumentbeheerThenStepsDefinition.java:191)
	at java.base/jdk.internal.reflect.NativeMethodAccessorImpl.invoke0(Native Method)
	at java.base/jdk.internal.reflect.NativeMethodAccessorImpl.invoke(NativeMethodAccessorImpl.java:62)
	at java.base/jdk.internal.reflect.DelegatingMethodAccessorImpl.invoke(DelegatingMethodAccessorImpl.java:43)
	at java.base/java.lang.reflect.Method.invoke(Method.java:567)
	at io.cucumber.java.Invoker.invoke(Invoker.java:27)
	at io.cucumber.java.JavaStepDefinition.execute(JavaStepDefinition.java:27)
	at io.cucumber.core.runner.PickleStepDefinitionMatch.runStep(PickleStepDefinitionMatch.java:63)
	at io.cucumber.core.runner.TestStep.executeStep(TestStep.java:64)
	at io.cucumber.core.runner.TestStep.run(TestStep.java:49)
	at io.cucumber.core.runner.PickleStepTestStep.run(PickleStepTestStep.java:46)
	at io.cucumber.core.runner.TestCase.run(TestCase.java:51)
	at io.cucumber.core.runner.Runner.runPickle(Runner.java:66)
	at io.cucumber.junit.PickleRunners$NoStepDescriptions.run(PickleRunners.java:149)
	at io.cucumber.junit.FeatureRunner.runChild(FeatureRunner.java:83)
	at io.cucumber.junit.FeatureRunner.runChild(FeatureRunner.java:24)
	at org.junit.runners.ParentRunner$3.run(ParentRunner.java:290)
	at org.junit.runners.ParentRunner$1.schedule(ParentRunner.java:71)
	at org.junit.runners.ParentRunner.runChildren(ParentRunner.java:288)
	at org.junit.runners.ParentRunner.access$000(ParentRunner.java:58)
	at org.junit.runners.ParentRunner$2.evaluate(ParentRunner.java:268)
	at org.junit.runners.ParentRunner.run(ParentRunner.java:363)
	at io.cucumber.junit.Cucumber.runChild(Cucumber.java:185)
	at io.cucumber.junit.Cucumber.runChild(Cucumber.java:83)
	at org.junit.runners.ParentRunner$3.run(ParentRunner.java:290)
	at org.junit.runners.ParentRunner$1.schedule(ParentRunner.java:71)
	at org.junit.runners.ParentRunner.runChildren(ParentRunner.java:288)
	at org.junit.runners.ParentRunner.access$000(ParentRunner.java:58)
	at org.junit.runners.ParentRunner$2.evaluate(ParentRunner.java:268)
	at io.cucumber.junit.Cucumber$RunCucumber.evaluate(Cucumber.java:219)
	at org.junit.runners.ParentRunner.run(ParentRunner.java:363)
	at org.junit.runner.JUnitCore.run(JUnitCore.java:137)
	at com.intellij.junit4.JUnit4IdeaTestRunner.startRunnerWithArgs(JUnit4IdeaTestRunner.java:68)
	at com.intellij.rt.junit.IdeaTestRunner$Repeater.startRunnerWithArgs(IdeaTestRunner.java:33)
	at com.intellij.rt.junit.JUnitStarter.prepareStreamsAndStart(JUnitStarter.java:230)
	at com.intellij.rt.junit.JUnitStarter.main(JUnitStarter.java:58)
Caused by: java.lang.AbstractMethodError: Missing implementation of resolved method abstract init(Lorg/apache/velocity/util/ExtProperties;)V of abstract class org.apache.velocity.runtime.resource.loader.ResourceLoader.
	at org.apache.velocity.runtime.resource.ResourceManagerImpl.initialize(ResourceManagerImpl.java:139)
	at org.apache.velocity.runtime.RuntimeInstance.initializeResourceManager(RuntimeInstance.java:784)
	at org.apache.velocity.runtime.RuntimeInstance.init(RuntimeInstance.java:261)
	at org.apache.velocity.runtime.RuntimeInstance.requireInitialization(RuntimeInstance.java:348)
	at org.apache.velocity.runtime.RuntimeInstance.parse(RuntimeInstance.java:1232)
	at org.apache.velocity.runtime.RuntimeInstance.evaluate(RuntimeInstance.java:1340)
	at org.apache.velocity.app.VelocityEngine.evaluate(VelocityEngine.java:240)
	at fr.opensagres.xdocreport.template.velocity.internal.VelocityTemplateEngine.processNoCache(VelocityTemplateEngine.java:109)
	at fr.opensagres.xdocreport.template.AbstractTemplateEngine.process(AbstractTemplateEngine.java:118)
	... 52 more
</pre>
      </div>
    </div>
  </div>











      </div>
  </div>
</div>





  </div>
</div>


<div class="element">


<div class="tags indention">
</div>


  <span class="lead-duration duration">0.729</span>


  <span data-toggle="collapse" class=" collapsable-control" data-target="#element-32">

<div class="brief failed">
  <span class="keyword indention">Scenario</span>
  <span class="name">De naam van de gegenereerde brief is standaard de code van de brief, de taal een en timestamp</span>


     <i class="chevron fa fa-fw"></i>
</div>

  </span>
  <div class="description indention"></div>

  <div id="element-32" class="collapse collapsable-details  in ">


  <div class="inner-level hooks-element-before">
    <div data-toggle="collapse" class=" collapsed  collapsable-control" data-target="#before-33">

<div class="brief passed">
  <span class="keyword indention">Hooks</span>
  <span class="name"></span>


     <i class="chevron fa fa-fw"></i>
</div>

    </div>

    <div id="before-33" class="inner-level collapse collapsable-details ">
        <div class="hook">
          <div class="brief passed">
            <span class="keyword indention">Before</span>
              <span class="location name">be.artisjaap.document.cucumber.CucumberHooks.clear()</span>

  <span class="lead-duration duration">0.023</span>

          </div>







        </div>
    </div>
  </div>



<div class="steps inner-level">
  <div data-toggle="collapse" class=" collapsable-control" data-target="#steps-34">

<div class="brief failed">
  <span class="keyword indention">Steps</span>
  <span class="name"></span>


     <i class="chevron fa fa-fw"></i>
</div>

  </div>

  <div id="steps-34" class="inner-level collapse collapsable-details  in ">
      <div class="step">


<div class="brief step-name-Given passed">
  <span class="keyword indention">Given</span>
  <span class="name">today is <span class="argument">26-06-2018 09:00</span></span>

  <span class="lead-duration duration">0.003</span>

</div>
















      </div>
      <div class="step">


<div class="brief step-name-And passed">
  <span class="keyword indention">And</span>
  <span class="name">an active template <span class="argument">MANDAAT_HEADER_FOOTER_NL.DOCX</span> with code <span class="argument">MANDAAT_HEADER_FOOTER</span> in language <span class="argument">nld</span></span>

  <span class="lead-duration duration">0.295</span>

</div>
















      </div>
      <div class="step">


<div class="brief step-name-And passed">
  <span class="keyword indention">And</span>
  <span class="name">a document <span class="argument">MANDAAT_BRIEF</span> in language <span class="argument">nld</span> exists of templates <span class="argument">MANDAAT_HEADER_FOOTER</span></span>

  <span class="lead-duration duration">0.006</span>

</div>
















      </div>
      <div class="step">


<div class="brief step-name-And passed">
  <span class="keyword indention">And</span>
  <span class="name">the document with code <span class="argument">MANDAAT_BRIEF</span> has been set active in language <span class="argument">nld</span></span>

  <span class="lead-duration duration">0.018</span>

</div>
















      </div>
      <div class="step">


<div class="brief step-name-And failed">
  <span class="keyword indention">And</span>
  <span class="name">the document with code <span class="argument">MANDAAT_BRIEF</span> in language <span class="argument">nld</span> can be generated using a default dataset and are saved in MongoDB</span>

  <span class="lead-duration duration">0.404</span>

</div>






  <div class="inner-level">
    <div class="message indention">
      <div data-toggle="collapse" class=" collapsable-control" data-target="#msg-35">
          <a>java.lang.IllegalStateException:</a>
      </div>
      <div id="msg-35" class="collapse collapsable-details  in ">
        <pre>java.lang.IllegalStateException: java.lang.AbstractMethodError: Missing implementation of resolved method abstract init(Lorg/apache/velocity/util/ExtProperties;)V of abstract class org.apache.velocity.runtime.resource.loader.ResourceLoader.
	at be.artisjaap.document.utils.XdocUtils.maakDocument(XdocUtils.java:52)
	at be.artisjaap.document.action.GenerateSimpleTemplate.maakTemplateTO(GenerateSimpleTemplate.java:31)
	at be.artisjaap.document.action.GenerateSimpleTemplate.voor(GenerateSimpleTemplate.java:26)
	at be.artisjaap.document.action.GenerateCombinedTemplate.generate(GenerateCombinedTemplate.java:39)
	at be.artisjaap.document.action.GenerateDocument.lambda$forDocument$1(GenerateDocument.java:50)
	at java.base/java.util.stream.ReferencePipeline$3$1.accept(ReferencePipeline.java:195)
	at java.base/java.util.ArrayList$ArrayListSpliterator.forEachRemaining(ArrayList.java:1654)
	at java.base/java.util.stream.AbstractPipeline.copyInto(AbstractPipeline.java:484)
	at java.base/java.util.stream.AbstractPipeline.wrapAndCopyInto(AbstractPipeline.java:474)
	at java.base/java.util.stream.ReduceOps$ReduceOp.evaluateSequential(ReduceOps.java:913)
	at java.base/java.util.stream.AbstractPipeline.evaluate(AbstractPipeline.java:234)
	at java.base/java.util.stream.ReferencePipeline.collect(ReferencePipeline.java:578)
	at be.artisjaap.document.action.GenerateDocument.forDocument(GenerateDocument.java:50)
	at be.artisjaap.document.cucumber.DocumentbeheerThenStepsDefinition.kanDeBriefMetCodeInTaalGegenereerdWordenMetEenDefaultSetVanDatasetsEnWordenOpgeslagenInDeMongoDB(DocumentbeheerThenStepsDefinition.java:109)
	at &#10045;.the document with code MANDAAT_BRIEF in language nld can be generated using a default dataset and are saved in MongoDB(classpath:scenarios/documentbeheer.feature:64)
Caused by: fr.opensagres.xdocreport.core.XDocReportException: java.lang.AbstractMethodError: Missing implementation of resolved method abstract init(Lorg/apache/velocity/util/ExtProperties;)V of abstract class org.apache.velocity.runtime.resource.loader.ResourceLoader.
	at fr.opensagres.xdocreport.template.AbstractTemplateEngine.process(AbstractTemplateEngine.java:152)
	at fr.opensagres.xdocreport.template.AbstractTemplateEngine.process(AbstractTemplateEngine.java:83)
	at fr.opensagres.xdocreport.document.AbstractXDocReport.processTemplateEngine(AbstractXDocReport.java:772)
	at fr.opensagres.xdocreport.document.AbstractXDocReport.convert(AbstractXDocReport.java:700)
	at be.artisjaap.document.utils.XdocUtils.maakDocument(XdocUtils.java:41)
	at be.artisjaap.document.action.GenerateSimpleTemplate.maakTemplateTO(GenerateSimpleTemplate.java:31)
	at be.artisjaap.document.action.GenerateSimpleTemplate.voor(GenerateSimpleTemplate.java:26)
	at be.artisjaap.document.action.GenerateCombinedTemplate.generate(GenerateCombinedTemplate.java:39)
	at be.artisjaap.document.action.GenerateDocument.lambda$forDocument$1(GenerateDocument.java:50)
	at java.base/java.util.stream.ReferencePipeline$3$1.accept(ReferencePipeline.java:195)
	at java.base/java.util.ArrayList$ArrayListSpliterator.forEachRemaining(ArrayList.java:1654)
	at java.base/java.util.stream.AbstractPipeline.copyInto(AbstractPipeline.java:484)
	at java.base/java.util.stream.AbstractPipeline.wrapAndCopyInto(AbstractPipeline.java:474)
	at java.base/java.util.stream.ReduceOps$ReduceOp.evaluateSequential(ReduceOps.java:913)
	at java.base/java.util.stream.AbstractPipeline.evaluate(AbstractPipeline.java:234)
	at java.base/java.util.stream.ReferencePipeline.collect(ReferencePipeline.java:578)
	at be.artisjaap.document.action.GenerateDocument.forDocument(GenerateDocument.java:50)
	at be.artisjaap.document.cucumber.DocumentbeheerThenStepsDefinition.kanDeBriefMetCodeInTaalGegenereerdWordenMetEenDefaultSetVanDatasetsEnWordenOpgeslagenInDeMongoDB(DocumentbeheerThenStepsDefinition.java:109)
	at java.base/jdk.internal.reflect.NativeMethodAccessorImpl.invoke0(Native Method)
	at java.base/jdk.internal.reflect.NativeMethodAccessorImpl.invoke(NativeMethodAccessorImpl.java:62)
	at java.base/jdk.internal.reflect.DelegatingMethodAccessorImpl.invoke(DelegatingMethodAccessorImpl.java:43)
	at java.base/java.lang.reflect.Method.invoke(Method.java:567)
	at io.cucumber.java.Invoker.invoke(Invoker.java:27)
	at io.cucumber.java.JavaStepDefinition.execute(JavaStepDefinition.java:27)
	at io.cucumber.core.runner.PickleStepDefinitionMatch.runStep(PickleStepDefinitionMatch.java:63)
	at io.cucumber.core.runner.TestStep.executeStep(TestStep.java:64)
	at io.cucumber.core.runner.TestStep.run(TestStep.java:49)
	at io.cucumber.core.runner.PickleStepTestStep.run(PickleStepTestStep.java:46)
	at io.cucumber.core.runner.TestCase.run(TestCase.java:51)
	at io.cucumber.core.runner.Runner.runPickle(Runner.java:66)
	at io.cucumber.junit.PickleRunners$NoStepDescriptions.run(PickleRunners.java:149)
	at io.cucumber.junit.FeatureRunner.runChild(FeatureRunner.java:83)
	at io.cucumber.junit.FeatureRunner.runChild(FeatureRunner.java:24)
	at org.junit.runners.ParentRunner$3.run(ParentRunner.java:290)
	at org.junit.runners.ParentRunner$1.schedule(ParentRunner.java:71)
	at org.junit.runners.ParentRunner.runChildren(ParentRunner.java:288)
	at org.junit.runners.ParentRunner.access$000(ParentRunner.java:58)
	at org.junit.runners.ParentRunner$2.evaluate(ParentRunner.java:268)
	at org.junit.runners.ParentRunner.run(ParentRunner.java:363)
	at io.cucumber.junit.Cucumber.runChild(Cucumber.java:185)
	at io.cucumber.junit.Cucumber.runChild(Cucumber.java:83)
	at org.junit.runners.ParentRunner$3.run(ParentRunner.java:290)
	at org.junit.runners.ParentRunner$1.schedule(ParentRunner.java:71)
	at org.junit.runners.ParentRunner.runChildren(ParentRunner.java:288)
	at org.junit.runners.ParentRunner.access$000(ParentRunner.java:58)
	at org.junit.runners.ParentRunner$2.evaluate(ParentRunner.java:268)
	at io.cucumber.junit.Cucumber$RunCucumber.evaluate(Cucumber.java:219)
	at org.junit.runners.ParentRunner.run(ParentRunner.java:363)
	at org.junit.runner.JUnitCore.run(JUnitCore.java:137)
	at com.intellij.junit4.JUnit4IdeaTestRunner.startRunnerWithArgs(JUnit4IdeaTestRunner.java:68)
	at com.intellij.rt.junit.IdeaTestRunner$Repeater.startRunnerWithArgs(IdeaTestRunner.java:33)
	at com.intellij.rt.junit.JUnitStarter.prepareStreamsAndStart(JUnitStarter.java:230)
	at com.intellij.rt.junit.JUnitStarter.main(JUnitStarter.java:58)
Caused by: java.lang.AbstractMethodError: Missing implementation of resolved method abstract init(Lorg/apache/velocity/util/ExtProperties;)V of abstract class org.apache.velocity.runtime.resource.loader.ResourceLoader.
	at org.apache.velocity.runtime.resource.ResourceManagerImpl.initialize(ResourceManagerImpl.java:139)
	at org.apache.velocity.runtime.RuntimeInstance.initializeResourceManager(RuntimeInstance.java:784)
	at org.apache.velocity.runtime.RuntimeInstance.init(RuntimeInstance.java:261)
	at org.apache.velocity.runtime.RuntimeInstance.requireInitialization(RuntimeInstance.java:348)
	at org.apache.velocity.runtime.RuntimeInstance.parse(RuntimeInstance.java:1232)
	at org.apache.velocity.runtime.RuntimeInstance.evaluate(RuntimeInstance.java:1340)
	at org.apache.velocity.app.VelocityEngine.evaluate(VelocityEngine.java:240)
	at fr.opensagres.xdocreport.template.velocity.internal.VelocityTemplateEngine.processNoCache(VelocityTemplateEngine.java:109)
	at fr.opensagres.xdocreport.template.AbstractTemplateEngine.process(AbstractTemplateEngine.java:118)
	... 52 more
</pre>
      </div>
    </div>
  </div>











      </div>
      <div class="step">


<div class="brief step-name-Then skipped">
  <span class="keyword indention">Then</span>
  <span class="name">the document with code <span class="argument">MANDAAT_BRIEF</span> in language <span class="argument">nld</span> available with name <span class="argument">MANDAAT_BRIEF_NLD_20180626090000</span></span>

  <span class="lead-duration duration">0.000</span>

</div>
















      </div>
  </div>
</div>





  </div>
</div>


<div class="element">


<div class="tags indention">
</div>


  <span class="lead-duration duration">0.535</span>


  <span data-toggle="collapse" class=" collapsable-control" data-target="#element-36">

<div class="brief failed">
  <span class="keyword indention">Scenario</span>
  <span class="name">De naam van de gegenereerde brief kan samengesteld worden uit de beschikbare datavelden</span>


     <i class="chevron fa fa-fw"></i>
</div>

  </span>
  <div class="description indention"></div>

  <div id="element-36" class="collapse collapsable-details  in ">


  <div class="inner-level hooks-element-before">
    <div data-toggle="collapse" class=" collapsed  collapsable-control" data-target="#before-37">

<div class="brief passed">
  <span class="keyword indention">Hooks</span>
  <span class="name"></span>


     <i class="chevron fa fa-fw"></i>
</div>

    </div>

    <div id="before-37" class="inner-level collapse collapsable-details ">
        <div class="hook">
          <div class="brief passed">
            <span class="keyword indention">Before</span>
              <span class="location name">be.artisjaap.document.cucumber.CucumberHooks.clear()</span>

  <span class="lead-duration duration">0.014</span>

          </div>







        </div>
    </div>
  </div>



<div class="steps inner-level">
  <div data-toggle="collapse" class=" collapsable-control" data-target="#steps-38">

<div class="brief failed">
  <span class="keyword indention">Steps</span>
  <span class="name"></span>


     <i class="chevron fa fa-fw"></i>
</div>

  </div>

  <div id="steps-38" class="inner-level collapse collapsable-details  in ">
      <div class="step">


<div class="brief step-name-Given passed">
  <span class="keyword indention">Given</span>
  <span class="name">an active template <span class="argument">MANDAAT_HEADER_FOOTER_NL.DOCX</span> with code <span class="argument">MANDAAT_HEADER_FOOTER</span> in language <span class="argument">nld</span></span>

  <span class="lead-duration duration">0.505</span>

</div>
















      </div>
      <div class="step">


<div class="brief step-name-And passed">
  <span class="keyword indention">And</span>
  <span class="name">a document <span class="argument">MANDAAT_BRIEF</span> in language <span class="argument">nld</span> exists of templates <span class="argument">MANDAAT_HEADER_FOOTER</span></span>

  <span class="lead-duration duration">0.012</span>

</div>
















      </div>
      <div class="step">


<div class="brief step-name-And passed">
  <span class="keyword indention">And</span>
  <span class="name">the document with code <span class="argument">MANDAAT_BRIEF</span> has been set active in language <span class="argument">nld</span></span>

  <span class="lead-duration duration">0.016</span>

</div>
















      </div>
      <div class="step">


<div class="brief step-name-And undefined">
  <span class="keyword indention">And</span>
  <span class="name">the document with code MANDAAT_BRIEF in language nld can be generated using a default dataset and are saved in MongoDB with filename Lid.naam, Lid.voornaam</span>

  <span class="lead-duration duration">0.000</span>

</div>
















      </div>
      <div class="step">


<div class="brief step-name-Then skipped">
  <span class="keyword indention">Then</span>
  <span class="name">the document with code <span class="argument">MANDAAT_BRIEF</span> in language <span class="argument">nld</span> available with name <span class="argument">NAAM_VOORNAAM</span></span>

  <span class="lead-duration duration">0.000</span>

</div>
















      </div>
  </div>
</div>





  </div>
</div>


<div class="element">


<div class="tags indention">
</div>


  <span class="lead-duration duration">0.332</span>


  <span data-toggle="collapse" class=" collapsable-control" data-target="#element-39">

<div class="brief failed">
  <span class="keyword indention">Scenario</span>
  <span class="name">De velden van de brief zijn beschikbaar als metadata</span>


     <i class="chevron fa fa-fw"></i>
</div>

  </span>
  <div class="description indention"></div>

  <div id="element-39" class="collapse collapsable-details  in ">


  <div class="inner-level hooks-element-before">
    <div data-toggle="collapse" class=" collapsed  collapsable-control" data-target="#before-40">

<div class="brief passed">
  <span class="keyword indention">Hooks</span>
  <span class="name"></span>


     <i class="chevron fa fa-fw"></i>
</div>

    </div>

    <div id="before-40" class="inner-level collapse collapsable-details ">
        <div class="hook">
          <div class="brief passed">
            <span class="keyword indention">Before</span>
              <span class="location name">be.artisjaap.document.cucumber.CucumberHooks.clear()</span>

  <span class="lead-duration duration">0.015</span>

          </div>







        </div>
    </div>
  </div>



<div class="steps inner-level">
  <div data-toggle="collapse" class=" collapsable-control" data-target="#steps-41">

<div class="brief failed">
  <span class="keyword indention">Steps</span>
  <span class="name"></span>


     <i class="chevron fa fa-fw"></i>
</div>

  </div>

  <div id="steps-41" class="inner-level collapse collapsable-details  in ">
      <div class="step">


<div class="brief step-name-Given passed">
  <span class="keyword indention">Given</span>
  <span class="name">an active template <span class="argument">MANDAAT_HEADER_FOOTER_NL.DOCX</span> with code <span class="argument">MANDAAT_HEADER_FOOTER</span> in language <span class="argument">nld</span></span>

  <span class="lead-duration duration">0.267</span>

</div>
















      </div>
      <div class="step">


<div class="brief step-name-And passed">
  <span class="keyword indention">And</span>
  <span class="name">a document <span class="argument">MANDAAT_BRIEF</span> in language <span class="argument">nld</span> exists of templates <span class="argument">MANDAAT_HEADER_FOOTER</span></span>

  <span class="lead-duration duration">0.021</span>

</div>
















      </div>
      <div class="step">


<div class="brief step-name-And passed">
  <span class="keyword indention">And</span>
  <span class="name">the document with code <span class="argument">MANDAAT_BRIEF</span> has been set active in language <span class="argument">nld</span></span>

  <span class="lead-duration duration">0.042</span>

</div>
















      </div>
      <div class="step">


<div class="brief step-name-And undefined">
  <span class="keyword indention">And</span>
  <span class="name">the document with code MANDAAT_BRIEF in language nld can be generated using a default dataset and are saved in MongoDB with filename BriefMeta.isoCode, BriefMeta.isoCode, BriefMeta.BriefCode</span>

  <span class="lead-duration duration">0.000</span>

</div>
















      </div>
      <div class="step">


<div class="brief step-name-Then skipped">
  <span class="keyword indention">Then</span>
  <span class="name">the document with code <span class="argument">MANDAAT_BRIEF</span> in language <span class="argument">nld</span> available with name <span class="argument">NLD_NLD_MANDAAT_BRIEF</span></span>

  <span class="lead-duration duration">0.000</span>

</div>
















      </div>
  </div>
</div>





  </div>
</div>


<div class="element">


<div class="tags indention">
</div>


  <span class="lead-duration duration">0.749</span>


  <span data-toggle="collapse" class=" collapsable-control" data-target="#element-42">

<div class="brief failed">
  <span class="keyword indention">Scenario</span>
  <span class="name">Bepaalde dataset kunnen geblacklist worden in het kader van GDPR</span>


     <i class="chevron fa fa-fw"></i>
</div>

  </span>
  <div class="description indention"></div>

  <div id="element-42" class="collapse collapsable-details  in ">


  <div class="inner-level hooks-element-before">
    <div data-toggle="collapse" class=" collapsed  collapsable-control" data-target="#before-43">

<div class="brief passed">
  <span class="keyword indention">Hooks</span>
  <span class="name"></span>


     <i class="chevron fa fa-fw"></i>
</div>

    </div>

    <div id="before-43" class="inner-level collapse collapsable-details ">
        <div class="hook">
          <div class="brief passed">
            <span class="keyword indention">Before</span>
              <span class="location name">be.artisjaap.document.cucumber.CucumberHooks.clear()</span>

  <span class="lead-duration duration">0.026</span>

          </div>







        </div>
    </div>
  </div>



<div class="steps inner-level">
  <div data-toggle="collapse" class=" collapsable-control" data-target="#steps-44">

<div class="brief failed">
  <span class="keyword indention">Steps</span>
  <span class="name"></span>


     <i class="chevron fa fa-fw"></i>
</div>

  </div>

  <div id="steps-44" class="inner-level collapse collapsable-details  in ">
      <div class="step">


<div class="brief step-name-Given passed">
  <span class="keyword indention">Given</span>
  <span class="name">an active template <span class="argument">MANDAAT_HEADER_FOOTER_NL.DOCX</span> with code <span class="argument">MANDAAT_HEADER_FOOTER</span> in language <span class="argument">nld</span></span>

  <span class="lead-duration duration">0.715</span>

</div>
















      </div>
      <div class="step">


<div class="brief step-name-And passed">
  <span class="keyword indention">And</span>
  <span class="name">a document <span class="argument">MANDAAT_BRIEF</span> in language <span class="argument">nld</span> exists of templates <span class="argument">MANDAAT_HEADER_FOOTER</span></span>

  <span class="lead-duration duration">0.006</span>

</div>
















      </div>
      <div class="step">


<div class="brief step-name-And passed">
  <span class="keyword indention">And</span>
  <span class="name">the document with code <span class="argument">MANDAAT_BRIEF</span> has been set active in language <span class="argument">nld</span></span>

  <span class="lead-duration duration">0.026</span>

</div>
















      </div>
      <div class="step">


<div class="brief step-name-And undefined">
  <span class="keyword indention">And</span>
  <span class="name">the document with code MANDAAT_BRIEF in language nld can be generated using a default dataset and are saved in MongoDB and datasets Lid are blacklisted</span>

  <span class="lead-duration duration">0.000</span>

</div>
















      </div>
      <div class="step">


<div class="brief step-name-Then undefined">
  <span class="keyword indention">Then</span>
  <span class="name">the document with code MANDAAT_BRIEF in language nld and ignored datasets are: Lid</span>

  <span class="lead-duration duration">0.000</span>

</div>
















      </div>
  </div>
</div>





  </div>
</div>


<div class="element">


<div class="tags indention">
</div>


  <span class="lead-duration duration">0.471</span>


  <span data-toggle="collapse" class=" collapsable-control" data-target="#element-45">

<div class="brief failed">
  <span class="keyword indention">Scenario</span>
  <span class="name">Dynamische images kunnen vervangen worden door echte images</span>


     <i class="chevron fa fa-fw"></i>
</div>

  </span>
  <div class="description indention"></div>

  <div id="element-45" class="collapse collapsable-details  in ">


  <div class="inner-level hooks-element-before">
    <div data-toggle="collapse" class=" collapsed  collapsable-control" data-target="#before-46">

<div class="brief passed">
  <span class="keyword indention">Hooks</span>
  <span class="name"></span>


     <i class="chevron fa fa-fw"></i>
</div>

    </div>

    <div id="before-46" class="inner-level collapse collapsable-details ">
        <div class="hook">
          <div class="brief passed">
            <span class="keyword indention">Before</span>
              <span class="location name">be.artisjaap.document.cucumber.CucumberHooks.clear()</span>

  <span class="lead-duration duration">0.012</span>

          </div>







        </div>
    </div>
  </div>



<div class="steps inner-level">
  <div data-toggle="collapse" class=" collapsable-control" data-target="#steps-47">

<div class="brief failed">
  <span class="keyword indention">Steps</span>
  <span class="name"></span>


     <i class="chevron fa fa-fw"></i>
</div>

  </div>

  <div id="steps-47" class="inner-level collapse collapsable-details  in ">
      <div class="step">


<div class="brief step-name-Given passed">
  <span class="keyword indention">Given</span>
  <span class="name">an active template <span class="argument">DUMMY_QR.DOCX</span> with code <span class="argument">DUMMY_QR</span> in language <span class="argument">nld</span></span>

  <span class="lead-duration duration">0.148</span>

</div>
















      </div>
      <div class="step">


<div class="brief step-name-And passed">
  <span class="keyword indention">And</span>
  <span class="name">a document <span class="argument">BRIEF_MET_QR</span> in language <span class="argument">nld</span> exists of templates <span class="argument">DUMMY_QR</span></span>

  <span class="lead-duration duration">0.005</span>

</div>
















      </div>
      <div class="step">


<div class="brief step-name-And passed">
  <span class="keyword indention">And</span>
  <span class="name">the document with code <span class="argument">BRIEF_MET_QR</span> has been set active in language <span class="argument">nld</span></span>

  <span class="lead-duration duration">0.013</span>

</div>
















      </div>
      <div class="step">


<div class="brief step-name-Then failed">
  <span class="keyword indention">Then</span>
  <span class="name">the document with code <span class="argument">BRIEF_MET_QR</span> in language <span class="argument">nld</span> can be generated using a default dataset, are saved in absolute path <span class="argument">c:/temp/docs/</span> and contain the following images</span>

  <span class="lead-duration duration">0.303</span>

</div>






  <div class="inner-level">
    <div class="message indention">
      <div data-toggle="collapse" class=" collapsable-control" data-target="#msg-48">
          <a>java.lang.IllegalStateException:</a>
      </div>
      <div id="msg-48" class="collapse collapsable-details  in ">
        <pre>java.lang.IllegalStateException: java.lang.AbstractMethodError: Missing implementation of resolved method abstract init(Lorg/apache/velocity/util/ExtProperties;)V of abstract class org.apache.velocity.runtime.resource.loader.ResourceLoader.
	at be.artisjaap.document.utils.XdocUtils.maakDocument(XdocUtils.java:52)
	at be.artisjaap.document.action.GenerateSimpleTemplate.maakTemplateTO(GenerateSimpleTemplate.java:31)
	at be.artisjaap.document.action.GenerateSimpleTemplate.voor(GenerateSimpleTemplate.java:26)
	at be.artisjaap.document.action.GenerateCombinedTemplate.generate(GenerateCombinedTemplate.java:39)
	at be.artisjaap.document.action.GenerateDocument.lambda$forDocument$1(GenerateDocument.java:50)
	at java.base/java.util.stream.ReferencePipeline$3$1.accept(ReferencePipeline.java:195)
	at java.base/java.util.ArrayList$ArrayListSpliterator.forEachRemaining(ArrayList.java:1654)
	at java.base/java.util.stream.AbstractPipeline.copyInto(AbstractPipeline.java:484)
	at java.base/java.util.stream.AbstractPipeline.wrapAndCopyInto(AbstractPipeline.java:474)
	at java.base/java.util.stream.ReduceOps$ReduceOp.evaluateSequential(ReduceOps.java:913)
	at java.base/java.util.stream.AbstractPipeline.evaluate(AbstractPipeline.java:234)
	at java.base/java.util.stream.ReferencePipeline.collect(ReferencePipeline.java:578)
	at be.artisjaap.document.action.GenerateDocument.forDocument(GenerateDocument.java:50)
	at be.artisjaap.document.cucumber.DocumentbeheerThenStepsDefinition.kanDeBriefMetCodeInTaaldGegenereerdWordenMetEenDefaultSetVanDatasetsEnWordenOpgeslagenHetAbsolutePathMetImages(DocumentbeheerThenStepsDefinition.java:179)
	at &#10045;.the document with code BRIEF_MET_QR in language nld can be generated using a default dataset, are saved in absolute path c:/temp/docs/ and contain the following images(classpath:scenarios/documentbeheer.feature:93)
Caused by: fr.opensagres.xdocreport.core.XDocReportException: java.lang.AbstractMethodError: Missing implementation of resolved method abstract init(Lorg/apache/velocity/util/ExtProperties;)V of abstract class org.apache.velocity.runtime.resource.loader.ResourceLoader.
	at fr.opensagres.xdocreport.template.AbstractTemplateEngine.process(AbstractTemplateEngine.java:152)
	at fr.opensagres.xdocreport.template.AbstractTemplateEngine.process(AbstractTemplateEngine.java:83)
	at fr.opensagres.xdocreport.document.AbstractXDocReport.processTemplateEngine(AbstractXDocReport.java:772)
	at fr.opensagres.xdocreport.document.AbstractXDocReport.convert(AbstractXDocReport.java:700)
	at be.artisjaap.document.utils.XdocUtils.maakDocument(XdocUtils.java:41)
	at be.artisjaap.document.action.GenerateSimpleTemplate.maakTemplateTO(GenerateSimpleTemplate.java:31)
	at be.artisjaap.document.action.GenerateSimpleTemplate.voor(GenerateSimpleTemplate.java:26)
	at be.artisjaap.document.action.GenerateCombinedTemplate.generate(GenerateCombinedTemplate.java:39)
	at be.artisjaap.document.action.GenerateDocument.lambda$forDocument$1(GenerateDocument.java:50)
	at java.base/java.util.stream.ReferencePipeline$3$1.accept(ReferencePipeline.java:195)
	at java.base/java.util.ArrayList$ArrayListSpliterator.forEachRemaining(ArrayList.java:1654)
	at java.base/java.util.stream.AbstractPipeline.copyInto(AbstractPipeline.java:484)
	at java.base/java.util.stream.AbstractPipeline.wrapAndCopyInto(AbstractPipeline.java:474)
	at java.base/java.util.stream.ReduceOps$ReduceOp.evaluateSequential(ReduceOps.java:913)
	at java.base/java.util.stream.AbstractPipeline.evaluate(AbstractPipeline.java:234)
	at java.base/java.util.stream.ReferencePipeline.collect(ReferencePipeline.java:578)
	at be.artisjaap.document.action.GenerateDocument.forDocument(GenerateDocument.java:50)
	at be.artisjaap.document.cucumber.DocumentbeheerThenStepsDefinition.kanDeBriefMetCodeInTaaldGegenereerdWordenMetEenDefaultSetVanDatasetsEnWordenOpgeslagenHetAbsolutePathMetImages(DocumentbeheerThenStepsDefinition.java:179)
	at java.base/jdk.internal.reflect.NativeMethodAccessorImpl.invoke0(Native Method)
	at java.base/jdk.internal.reflect.NativeMethodAccessorImpl.invoke(NativeMethodAccessorImpl.java:62)
	at java.base/jdk.internal.reflect.DelegatingMethodAccessorImpl.invoke(DelegatingMethodAccessorImpl.java:43)
	at java.base/java.lang.reflect.Method.invoke(Method.java:567)
	at io.cucumber.java.Invoker.invoke(Invoker.java:27)
	at io.cucumber.java.JavaStepDefinition.execute(JavaStepDefinition.java:27)
	at io.cucumber.core.runner.PickleStepDefinitionMatch.runStep(PickleStepDefinitionMatch.java:63)
	at io.cucumber.core.runner.TestStep.executeStep(TestStep.java:64)
	at io.cucumber.core.runner.TestStep.run(TestStep.java:49)
	at io.cucumber.core.runner.PickleStepTestStep.run(PickleStepTestStep.java:46)
	at io.cucumber.core.runner.TestCase.run(TestCase.java:51)
	at io.cucumber.core.runner.Runner.runPickle(Runner.java:66)
	at io.cucumber.junit.PickleRunners$NoStepDescriptions.run(PickleRunners.java:149)
	at io.cucumber.junit.FeatureRunner.runChild(FeatureRunner.java:83)
	at io.cucumber.junit.FeatureRunner.runChild(FeatureRunner.java:24)
	at org.junit.runners.ParentRunner$3.run(ParentRunner.java:290)
	at org.junit.runners.ParentRunner$1.schedule(ParentRunner.java:71)
	at org.junit.runners.ParentRunner.runChildren(ParentRunner.java:288)
	at org.junit.runners.ParentRunner.access$000(ParentRunner.java:58)
	at org.junit.runners.ParentRunner$2.evaluate(ParentRunner.java:268)
	at org.junit.runners.ParentRunner.run(ParentRunner.java:363)
	at io.cucumber.junit.Cucumber.runChild(Cucumber.java:185)
	at io.cucumber.junit.Cucumber.runChild(Cucumber.java:83)
	at org.junit.runners.ParentRunner$3.run(ParentRunner.java:290)
	at org.junit.runners.ParentRunner$1.schedule(ParentRunner.java:71)
	at org.junit.runners.ParentRunner.runChildren(ParentRunner.java:288)
	at org.junit.runners.ParentRunner.access$000(ParentRunner.java:58)
	at org.junit.runners.ParentRunner$2.evaluate(ParentRunner.java:268)
	at io.cucumber.junit.Cucumber$RunCucumber.evaluate(Cucumber.java:219)
	at org.junit.runners.ParentRunner.run(ParentRunner.java:363)
	at org.junit.runner.JUnitCore.run(JUnitCore.java:137)
	at com.intellij.junit4.JUnit4IdeaTestRunner.startRunnerWithArgs(JUnit4IdeaTestRunner.java:68)
	at com.intellij.rt.junit.IdeaTestRunner$Repeater.startRunnerWithArgs(IdeaTestRunner.java:33)
	at com.intellij.rt.junit.JUnitStarter.prepareStreamsAndStart(JUnitStarter.java:230)
	at com.intellij.rt.junit.JUnitStarter.main(JUnitStarter.java:58)
Caused by: java.lang.AbstractMethodError: Missing implementation of resolved method abstract init(Lorg/apache/velocity/util/ExtProperties;)V of abstract class org.apache.velocity.runtime.resource.loader.ResourceLoader.
	at org.apache.velocity.runtime.resource.ResourceManagerImpl.initialize(ResourceManagerImpl.java:139)
	at org.apache.velocity.runtime.RuntimeInstance.initializeResourceManager(RuntimeInstance.java:784)
	at org.apache.velocity.runtime.RuntimeInstance.init(RuntimeInstance.java:261)
	at org.apache.velocity.runtime.RuntimeInstance.requireInitialization(RuntimeInstance.java:348)
	at org.apache.velocity.runtime.RuntimeInstance.parse(RuntimeInstance.java:1232)
	at org.apache.velocity.runtime.RuntimeInstance.evaluate(RuntimeInstance.java:1340)
	at org.apache.velocity.app.VelocityEngine.evaluate(VelocityEngine.java:240)
	at fr.opensagres.xdocreport.template.velocity.internal.VelocityTemplateEngine.processNoCache(VelocityTemplateEngine.java:109)
	at fr.opensagres.xdocreport.template.AbstractTemplateEngine.process(AbstractTemplateEngine.java:118)
	... 52 more
</pre>
      </div>
    </div>
  </div>


          <table class="step-arguments">
              <tr>
                  <td>bookmark naam</td>
                  <td>image</td>
              </tr>
              <tr>
                  <td>qr</td>
                  <td>qr.png</td>
              </tr>
          </table>









      </div>
  </div>
</div>





  </div>
</div>


<div class="element">


<div class="tags indention">
</div>


  <span class="lead-duration duration">0.172</span>


  <span data-toggle="collapse" class=" collapsable-control" data-target="#element-49">

<div class="brief failed">
  <span class="keyword indention">Scenario</span>
  <span class="name">Een QR code kan eenvoudig toevoegd worden op een document</span>


     <i class="chevron fa fa-fw"></i>
</div>

  </span>
  <div class="description indention"></div>

  <div id="element-49" class="collapse collapsable-details  in ">


  <div class="inner-level hooks-element-before">
    <div data-toggle="collapse" class=" collapsed  collapsable-control" data-target="#before-50">

<div class="brief passed">
  <span class="keyword indention">Hooks</span>
  <span class="name"></span>


     <i class="chevron fa fa-fw"></i>
</div>

    </div>

    <div id="before-50" class="inner-level collapse collapsable-details ">
        <div class="hook">
          <div class="brief passed">
            <span class="keyword indention">Before</span>
              <span class="location name">be.artisjaap.document.cucumber.CucumberHooks.clear()</span>

  <span class="lead-duration duration">0.008</span>

          </div>







        </div>
    </div>
  </div>



<div class="steps inner-level">
  <div data-toggle="collapse" class=" collapsable-control" data-target="#steps-51">

<div class="brief failed">
  <span class="keyword indention">Steps</span>
  <span class="name"></span>


     <i class="chevron fa fa-fw"></i>
</div>

  </div>

  <div id="steps-51" class="inner-level collapse collapsable-details  in ">
      <div class="step">


<div class="brief step-name-Given passed">
  <span class="keyword indention">Given</span>
  <span class="name">an active template <span class="argument">DUMMY_QR.DOCX</span> with code <span class="argument">DUMMY_QR</span> in language <span class="argument">nld</span></span>

  <span class="lead-duration duration">0.072</span>

</div>
















      </div>
      <div class="step">


<div class="brief step-name-And passed">
  <span class="keyword indention">And</span>
  <span class="name">an active template <span class="argument">TEMPLATE_MANDAAT_BRIEF_NA_TELEFONISCH_CONTACT_NL.DOCX</span> with code <span class="argument">MANDAAT_BRIEF_NA_TELEFONISCH_CONTACT</span> in language <span class="argument">nld</span></span>

  <span class="lead-duration duration">0.099</span>

</div>
















      </div>
      <div class="step">


<div class="brief step-name-And undefined">
  <span class="keyword indention">And</span>
  <span class="name">a combined template with code TEMPLATE_MET_QR in language nld consists of templates DUMMY_QR, MANDAAT_BRIEF_NA_TELEFONISCH_CONTACT</span>

  <span class="lead-duration duration">0.000</span>

</div>
















      </div>
      <div class="step">


<div class="brief step-name-And skipped">
  <span class="keyword indention">And</span>
  <span class="name">the combined template with code <span class="argument">TEMPLATE_MET_QR</span> is activated in language <span class="argument">nld</span></span>

  <span class="lead-duration duration">0.000</span>

</div>
















      </div>
      <div class="step">


<div class="brief step-name-And skipped">
  <span class="keyword indention">And</span>
  <span class="name">a document <span class="argument">BRIEF_MET_QR</span> in language <span class="argument">nld</span> exists of templates <span class="argument">TEMPLATE_MET_QR</span></span>

  <span class="lead-duration duration">0.000</span>

</div>
















      </div>
      <div class="step">


<div class="brief step-name-And skipped">
  <span class="keyword indention">And</span>
  <span class="name">the document with code <span class="argument">BRIEF_MET_QR</span> has been set active in language <span class="argument">nld</span></span>

  <span class="lead-duration duration">0.000</span>

</div>
















      </div>
      <div class="step">


<div class="brief step-name-Then skipped">
  <span class="keyword indention">Then</span>
  <span class="name">the document with code <span class="argument">BRIEF_MET_QR</span> in language <span class="argument">nld</span> can be generated using a default dataset, is saved on absolute path <span class="argument">c:/temp/docs/</span> and has a QR code with following data <span class="argument">{test:data, wa_rommel:rommel}</span></span>

  <span class="lead-duration duration">0.000</span>

</div>
















      </div>
  </div>
</div>





  </div>
</div>


<div class="element">


<div class="tags indention">
</div>


  <span class="lead-duration duration">0.132</span>


  <span data-toggle="collapse" class=" collapsable-control" data-target="#element-52">

<div class="brief failed">
  <span class="keyword indention">Scenario</span>
  <span class="name">Een QR code kan eenvoudig toevoegd worden op een document een qr code met veel data</span>


     <i class="chevron fa fa-fw"></i>
</div>

  </span>
  <div class="description indention"></div>

  <div id="element-52" class="collapse collapsable-details  in ">


  <div class="inner-level hooks-element-before">
    <div data-toggle="collapse" class=" collapsed  collapsable-control" data-target="#before-53">

<div class="brief passed">
  <span class="keyword indention">Hooks</span>
  <span class="name"></span>


     <i class="chevron fa fa-fw"></i>
</div>

    </div>

    <div id="before-53" class="inner-level collapse collapsable-details ">
        <div class="hook">
          <div class="brief passed">
            <span class="keyword indention">Before</span>
              <span class="location name">be.artisjaap.document.cucumber.CucumberHooks.clear()</span>

  <span class="lead-duration duration">0.008</span>

          </div>







        </div>
    </div>
  </div>



<div class="steps inner-level">
  <div data-toggle="collapse" class=" collapsable-control" data-target="#steps-54">

<div class="brief failed">
  <span class="keyword indention">Steps</span>
  <span class="name"></span>


     <i class="chevron fa fa-fw"></i>
</div>

  </div>

  <div id="steps-54" class="inner-level collapse collapsable-details  in ">
      <div class="step">


<div class="brief step-name-Given passed">
  <span class="keyword indention">Given</span>
  <span class="name">an active template <span class="argument">DUMMY_QR.DOCX</span> with code <span class="argument">DUMMY_QR</span> in language <span class="argument">nld</span></span>

  <span class="lead-duration duration">0.073</span>

</div>
















      </div>
      <div class="step">


<div class="brief step-name-And passed">
  <span class="keyword indention">And</span>
  <span class="name">an active template <span class="argument">TEMPLATE_MANDAAT_BRIEF_NA_TELEFONISCH_CONTACT_NL.DOCX</span> with code <span class="argument">MANDAAT_BRIEF_NA_TELEFONISCH_CONTACT</span> in language <span class="argument">nld</span></span>

  <span class="lead-duration duration">0.058</span>

</div>
















      </div>
      <div class="step">


<div class="brief step-name-And undefined">
  <span class="keyword indention">And</span>
  <span class="name">a combined template with code TEMPLATE_MET_QR in language nld consists of templates DUMMY_QR, MANDAAT_BRIEF_NA_TELEFONISCH_CONTACT</span>

  <span class="lead-duration duration">0.000</span>

</div>
















      </div>
      <div class="step">


<div class="brief step-name-And skipped">
  <span class="keyword indention">And</span>
  <span class="name">the combined template with code <span class="argument">TEMPLATE_MET_QR</span> is activated in language <span class="argument">nld</span></span>

  <span class="lead-duration duration">0.000</span>

</div>
















      </div>
      <div class="step">


<div class="brief step-name-And skipped">
  <span class="keyword indention">And</span>
  <span class="name">a document <span class="argument">BRIEF_MET_QR</span> in language <span class="argument">nld</span> exists of templates <span class="argument">TEMPLATE_MET_QR</span></span>

  <span class="lead-duration duration">0.000</span>

</div>
















      </div>
      <div class="step">


<div class="brief step-name-And skipped">
  <span class="keyword indention">And</span>
  <span class="name">the document with code <span class="argument">BRIEF_MET_QR</span> has been set active in language <span class="argument">nld</span></span>

  <span class="lead-duration duration">0.000</span>

</div>
















      </div>
      <div class="step">


<div class="brief step-name-Then skipped">
  <span class="keyword indention">Then</span>
  <span class="name">the document with code <span class="argument">BRIEF_MET_QR</span> in language <span class="argument">nld</span> can be generated using a default dataset, is saved on absolute path <span class="argument">c:/temp/docs/</span> and has a QR code with following data <span class="argument">er staat heel wat data in deze qr code, de vraag is of die goed gelezen wordt als er zoveel data in wordt opgeslagen? Wordt de code niet te klein om te lezen en is dit moeilijk te parsen?</span></span>

  <span class="lead-duration duration">0.000</span>

</div>
















      </div>
  </div>
</div>





  </div>
</div>

        </div>

      </div>
    </div>
  </div>
</div>


<div class="container-fluid">
  <div class="row">
    <div class="col-md-1 col-md-offset-10">
      <i class="fa fa-chevron-circle-down fa-2x collapsable-control"
        onClick="javascript:$('#report .collapsable-details').collapse('show')"></i>
      <i class="fa fa-chevron-circle-up fa-2x collapsable-control"
        onClick="javascript:$('#report .collapsable-details').collapse('hide')"></i>
    </div>
  </div>
</div>

<br/>

<nav class="navbar navbar-default" id="footer">
  <div class="container-fluid">
    <p class="navbar-text navbar-right">
        <small>generate Cucumber HTML reports via:&nbsp;</small>
        <a class="navbar-link" href="https://github.com/jenkinsci/cucumber-reports-plugin">Jenkins Plugin</a> |
        <a class="navbar-link" href="https://github.com/damianszczepanik/cucumber-reporting">Standalone</a> |
        <a class="navbar-link" href="https://github.com/damianszczepanik/cucumber-sandwich">Sandwich</a> |
        <a class="navbar-link" href="https://github.com/damianszczepanik/maven-cucumber-reporting">Maven</a>
        &nbsp;&nbsp;
    </p>
  </div>
</nav>

</body>
</html>
